Running Experiments: email-eu-core
Done with Exp:email-eu-core_0.80_true_8_1.00
Done with Exp:email-eu-core_0.80_true_8_1.00
Done with Exp:email-eu-core_0.80_true_8_1.00
Done with Exp:email-eu-core_0.80_true_8_1.00
Done with Exp:email-eu-core_0.80_true_8_1.00
Running Experiments: wiki
Done with Exp:wiki_0.80_true_8_1.00
Done with Exp:wiki_0.80_true_8_1.00
Done with Exp:wiki_0.80_true_8_1.00
Done with Exp:wiki_0.80_true_8_1.00
Done with Exp:wiki_0.80_true_8_1.00
Running Experiments: enron
Done with Exp:enron_0.80_true_8_1.00
Done with Exp:enron_0.80_true_8_1.00
Done with Exp:enron_0.80_true_8_1.00
Done with Exp:enron_0.80_true_8_1.00
Done with Exp:enron_0.80_true_8_1.00
Running Experiments: brightkite
Done with Exp:brightkite_0.80_true_8_1.00
Done with Exp:brightkite_0.80_true_8_1.00
Done with Exp:brightkite_0.80_true_8_1.00
Done with Exp:brightkite_0.80_true_8_1.00
Done with Exp:brightkite_0.80_true_8_1.00
Running Experiments: ego-twitter
slurmstepd: error: *** JOB 30015293 ON r807u39n01 CANCELLED AT 2025-05-03T11:32:58 DUE TO TIME LIMIT ***
