Partitioining Graph: email-eu-core
Partition : 0 | Nodes : 12 | ADL : 570
Partition : 1 | Nodes : 12 | ADL : 713
Partition : 2 | Nodes : 12 | ADL : 612
Partition : 3 | Nodes : 12 | ADL : 1150
Partition : 4 | Nodes : 12 | ADL : 803
Partition : 5 | Nodes : 12 | ADL : 954
Partition : 6 | Nodes : 12 | ADL : 718
Partition : 7 | Nodes : 12 | ADL : 948
Partition : 8 | Nodes : 12 | ADL : 852
Partition : 9 | Nodes : 12 | ADL : 955
Partition : 10 | Nodes : 12 | ADL : 446
Partition : 11 | Nodes : 12 | ADL : 1049
Partition : 12 | Nodes : 12 | ADL : 705
Partition : 13 | Nodes : 12 | ADL : 686
Partition : 14 | Nodes : 12 | ADL : 1001
Partition : 15 | Nodes : 12 | ADL : 924
Partition : 16 | Nodes : 12 | ADL : 736
Partition : 17 | Nodes : 12 | ADL : 386
Partition : 18 | Nodes : 12 | ADL : 624
Partition : 19 | Nodes : 12 | ADL : 459
Partition : 20 | Nodes : 12 | ADL : 583
Partition : 21 | Nodes : 12 | ADL : 430
Partition : 22 | Nodes : 12 | ADL : 549
Partition : 23 | Nodes : 12 | ADL : 412
Partition : 24 | Nodes : 12 | ADL : 289
Partition : 25 | Nodes : 12 | ADL : 513
Partition : 26 | Nodes : 12 | ADL : 364
Partition : 27 | Nodes : 12 | ADL : 582
Partition : 28 | Nodes : 12 | ADL : 455
Partition : 29 | Nodes : 12 | ADL : 334
Partition : 30 | Nodes : 12 | ADL : 325
Partition : 31 | Nodes : 12 | ADL : 393
Partition : 32 | Nodes : 12 | ADL : 552
Partition : 33 | Nodes : 12 | ADL : 543
Partition : 34 | Nodes : 12 | ADL : 442
Partition : 35 | Nodes : 12 | ADL : 564
Partition : 36 | Nodes : 12 | ADL : 674
Partition : 37 | Nodes : 12 | ADL : 298
Partition : 38 | Nodes : 12 | ADL : 399
Partition : 39 | Nodes : 12 | ADL : 638
Partition : 40 | Nodes : 12 | ADL : 485
Partition : 41 | Nodes : 12 | ADL : 383
Partition : 42 | Nodes : 12 | ADL : 322
Partition : 43 | Nodes : 12 | ADL : 453
Partition : 44 | Nodes : 12 | ADL : 538
Partition : 45 | Nodes : 12 | ADL : 387
Partition : 46 | Nodes : 12 | ADL : 377
Partition : 47 | Nodes : 12 | ADL : 267
Partition : 48 | Nodes : 12 | ADL : 364
Partition : 49 | Nodes : 12 | ADL : 287
Partition : 50 | Nodes : 12 | ADL : 221
Partition : 51 | Nodes : 12 | ADL : 308
Partition : 52 | Nodes : 12 | ADL : 261
Partition : 53 | Nodes : 12 | ADL : 193
Partition : 54 | Nodes : 12 | ADL : 258
Partition : 55 | Nodes : 12 | ADL : 130
Partition : 56 | Nodes : 12 | ADL : 215
Partition : 57 | Nodes : 12 | ADL : 295
Partition : 58 | Nodes : 12 | ADL : 201
Partition : 59 | Nodes : 12 | ADL : 207
Partition : 60 | Nodes : 12 | ADL : 114
Partition : 61 | Nodes : 12 | ADL : 124
Partition : 62 | Nodes : 12 | ADL : 121
Partition : 63 | Nodes : 12 | ADL : 80
Partition : 64 | Nodes : 12 | ADL : 84
Partition : 65 | Nodes : 12 | ADL : 101
Partition : 66 | Nodes : 12 | ADL : 62
Partition : 67 | Nodes : 12 | ADL : 66
Partition : 68 | Nodes : 12 | ADL : 98
Partition : 69 | Nodes : 12 | ADL : 51
Partition : 70 | Nodes : 12 | ADL : 85
Partition : 71 | Nodes : 12 | ADL : 88
Partition : 72 | Nodes : 12 | ADL : 52
Partition : 73 | Nodes : 12 | ADL : 37
Partition : 74 | Nodes : 12 | ADL : 29
Partition : 75 | Nodes : 12 | ADL : 25
Partition : 76 | Nodes : 12 | ADL : 28
Partition : 77 | Nodes : 12 | ADL : 31
Partition : 78 | Nodes : 12 | ADL : 14
Partition : 79 | Nodes : 38 | ADL : 56
Running Experiments: email-eu-core
Done with Exp:email-eu-core_0.80_true_8_1.00
Cleanup Graph: email-eu-core
Partitioining Graph: wiki
Partition : 0 | Nodes : 88 | ADL : 15254
Partition : 1 | Nodes : 88 | ADL : 11995
Partition : 2 | Nodes : 88 | ADL : 10182
Partition : 3 | Nodes : 88 | ADL : 7795
Partition : 4 | Nodes : 88 | ADL : 9108
Partition : 5 | Nodes : 88 | ADL : 5338
Partition : 6 | Nodes : 88 | ADL : 5939
Partition : 7 | Nodes : 88 | ADL : 4531
Partition : 8 | Nodes : 88 | ADL : 5220
Partition : 9 | Nodes : 88 | ADL : 4726
Partition : 10 | Nodes : 88 | ADL : 3548
Partition : 11 | Nodes : 88 | ADL : 7069
Partition : 12 | Nodes : 88 | ADL : 6189
Partition : 13 | Nodes : 88 | ADL : 6268
Partition : 14 | Nodes : 88 | ADL : 10435
Partition : 15 | Nodes : 88 | ADL : 6718
Partition : 16 | Nodes : 88 | ADL : 5580
Partition : 17 | Nodes : 88 | ADL : 2947
Partition : 18 | Nodes : 88 | ADL : 7415
Partition : 19 | Nodes : 88 | ADL : 7129
Partition : 20 | Nodes : 88 | ADL : 4402
Partition : 21 | Nodes : 88 | ADL : 4019
Partition : 22 | Nodes : 88 | ADL : 5262
Partition : 23 | Nodes : 88 | ADL : 4370
Partition : 24 | Nodes : 88 | ADL : 5096
Partition : 25 | Nodes : 88 | ADL : 2362
Partition : 26 | Nodes : 88 | ADL : 4033
Partition : 27 | Nodes : 88 | ADL : 2176
Partition : 28 | Nodes : 88 | ADL : 2218
Partition : 29 | Nodes : 88 | ADL : 2274
Partition : 30 | Nodes : 88 | ADL : 2231
Partition : 31 | Nodes : 88 | ADL : 1510
Partition : 32 | Nodes : 88 | ADL : 1107
Partition : 33 | Nodes : 88 | ADL : 1115
Partition : 34 | Nodes : 88 | ADL : 982
Partition : 35 | Nodes : 88 | ADL : 1266
Partition : 36 | Nodes : 88 | ADL : 1145
Partition : 37 | Nodes : 88 | ADL : 756
Partition : 38 | Nodes : 88 | ADL : 632
Partition : 39 | Nodes : 88 | ADL : 723
Partition : 40 | Nodes : 88 | ADL : 505
Partition : 41 | Nodes : 88 | ADL : 401
Partition : 42 | Nodes : 88 | ADL : 395
Partition : 43 | Nodes : 88 | ADL : 510
Partition : 44 | Nodes : 88 | ADL : 370
Partition : 45 | Nodes : 88 | ADL : 668
Partition : 46 | Nodes : 88 | ADL : 546
Partition : 47 | Nodes : 88 | ADL : 184
Partition : 48 | Nodes : 88 | ADL : 304
Partition : 49 | Nodes : 88 | ADL : 313
Partition : 50 | Nodes : 88 | ADL : 265
Partition : 51 | Nodes : 88 | ADL : 579
Partition : 52 | Nodes : 88 | ADL : 550
Partition : 53 | Nodes : 88 | ADL : 412
Partition : 54 | Nodes : 88 | ADL : 362
Partition : 55 | Nodes : 88 | ADL : 287
Partition : 56 | Nodes : 88 | ADL : 243
Partition : 57 | Nodes : 88 | ADL : 172
Partition : 58 | Nodes : 88 | ADL : 161
Partition : 59 | Nodes : 88 | ADL : 301
Partition : 60 | Nodes : 88 | ADL : 298
Partition : 61 | Nodes : 88 | ADL : 246
Partition : 62 | Nodes : 88 | ADL : 171
Partition : 63 | Nodes : 88 | ADL : 172
Partition : 64 | Nodes : 88 | ADL : 188
Partition : 65 | Nodes : 88 | ADL : 152
Partition : 66 | Nodes : 88 | ADL : 145
Partition : 67 | Nodes : 88 | ADL : 112
Partition : 68 | Nodes : 88 | ADL : 171
Partition : 69 | Nodes : 88 | ADL : 124
Partition : 70 | Nodes : 88 | ADL : 110
Partition : 71 | Nodes : 88 | ADL : 103
Partition : 72 | Nodes : 88 | ADL : 104
Partition : 73 | Nodes : 88 | ADL : 128
Partition : 74 | Nodes : 88 | ADL : 101
Partition : 75 | Nodes : 88 | ADL : 116
Partition : 76 | Nodes : 88 | ADL : 108
Partition : 77 | Nodes : 88 | ADL : 104
Partition : 78 | Nodes : 88 | ADL : 99
Partition : 79 | Nodes : 163 | ADL : 177
Running Experiments: wiki
Done with Exp:wiki_0.80_true_8_1.00
Cleanup Graph: wiki
Partitioining Graph: enron
Partition : 0 | Nodes : 458 | ADL : 60657
Partition : 1 | Nodes : 458 | ADL : 31513
Partition : 2 | Nodes : 458 | ADL : 28193
Partition : 3 | Nodes : 458 | ADL : 11906
Partition : 4 | Nodes : 458 | ADL : 8618
Partition : 5 | Nodes : 458 | ADL : 12769
Partition : 6 | Nodes : 458 | ADL : 9513
Partition : 7 | Nodes : 458 | ADL : 4055
Partition : 8 | Nodes : 458 | ADL : 9855
Partition : 9 | Nodes : 458 | ADL : 14005
Partition : 10 | Nodes : 458 | ADL : 7914
Partition : 11 | Nodes : 458 | ADL : 10603
Partition : 12 | Nodes : 458 | ADL : 5769
Partition : 13 | Nodes : 458 | ADL : 4449
Partition : 14 | Nodes : 458 | ADL : 3491
Partition : 15 | Nodes : 458 | ADL : 8272
Partition : 16 | Nodes : 458 | ADL : 4750
Partition : 17 | Nodes : 458 | ADL : 6201
Partition : 18 | Nodes : 458 | ADL : 4632
Partition : 19 | Nodes : 458 | ADL : 6377
Partition : 20 | Nodes : 458 | ADL : 1690
Partition : 21 | Nodes : 458 | ADL : 4018
Partition : 22 | Nodes : 458 | ADL : 3085
Partition : 23 | Nodes : 458 | ADL : 3308
Partition : 24 | Nodes : 458 | ADL : 3828
Partition : 25 | Nodes : 458 | ADL : 3552
Partition : 26 | Nodes : 458 | ADL : 2833
Partition : 27 | Nodes : 458 | ADL : 3649
Partition : 28 | Nodes : 458 | ADL : 5015
Partition : 29 | Nodes : 458 | ADL : 1958
Partition : 30 | Nodes : 458 | ADL : 2672
Partition : 31 | Nodes : 458 | ADL : 2171
Partition : 32 | Nodes : 458 | ADL : 2038
Partition : 33 | Nodes : 458 | ADL : 1770
Partition : 34 | Nodes : 458 | ADL : 1631
Partition : 35 | Nodes : 458 | ADL : 2595
Partition : 36 | Nodes : 458 | ADL : 2862
Partition : 37 | Nodes : 458 | ADL : 2221
Partition : 38 | Nodes : 458 | ADL : 1740
Partition : 39 | Nodes : 458 | ADL : 973
Partition : 40 | Nodes : 458 | ADL : 1991
Partition : 41 | Nodes : 458 | ADL : 2387
Partition : 42 | Nodes : 458 | ADL : 1819
Partition : 43 | Nodes : 458 | ADL : 1897
Partition : 44 | Nodes : 458 | ADL : 2063
Partition : 45 | Nodes : 458 | ADL : 2001
Partition : 46 | Nodes : 458 | ADL : 1620
Partition : 47 | Nodes : 458 | ADL : 1561
Partition : 48 | Nodes : 458 | ADL : 1855
Partition : 49 | Nodes : 458 | ADL : 1724
Partition : 50 | Nodes : 458 | ADL : 1706
Partition : 51 | Nodes : 458 | ADL : 1222
Partition : 52 | Nodes : 458 | ADL : 1810
Partition : 53 | Nodes : 458 | ADL : 2527
Partition : 54 | Nodes : 458 | ADL : 1861
Partition : 55 | Nodes : 458 | ADL : 1629
Partition : 56 | Nodes : 458 | ADL : 1740
Partition : 57 | Nodes : 458 | ADL : 770
Partition : 58 | Nodes : 458 | ADL : 897
Partition : 59 | Nodes : 458 | ADL : 581
Partition : 60 | Nodes : 458 | ADL : 518
Partition : 61 | Nodes : 458 | ADL : 1269
Partition : 62 | Nodes : 458 | ADL : 1955
Partition : 63 | Nodes : 458 | ADL : 1633
Partition : 64 | Nodes : 458 | ADL : 1007
Partition : 65 | Nodes : 458 | ADL : 1459
Partition : 66 | Nodes : 458 | ADL : 1540
Partition : 67 | Nodes : 458 | ADL : 1646
Partition : 68 | Nodes : 458 | ADL : 1983
Partition : 69 | Nodes : 458 | ADL : 1608
Partition : 70 | Nodes : 458 | ADL : 1607
Partition : 71 | Nodes : 458 | ADL : 1700
Partition : 72 | Nodes : 458 | ADL : 1335
Partition : 73 | Nodes : 458 | ADL : 1523
Partition : 74 | Nodes : 458 | ADL : 1011
Partition : 75 | Nodes : 458 | ADL : 754
Partition : 76 | Nodes : 458 | ADL : 994
Partition : 77 | Nodes : 458 | ADL : 1260
Partition : 78 | Nodes : 458 | ADL : 1027
Partition : 79 | Nodes : 510 | ADL : 1021
Running Experiments: enron
Done with Exp:enron_0.80_true_8_1.00
Cleanup Graph: enron
Partitioining Graph: brightkite
Partition : 0 | Nodes : 727 | ADL : 42209
Partition : 1 | Nodes : 727 | ADL : 22778
Partition : 2 | Nodes : 727 | ADL : 24310
Partition : 3 | Nodes : 727 | ADL : 22111
Partition : 4 | Nodes : 727 | ADL : 11968
Partition : 5 | Nodes : 727 | ADL : 7329
Partition : 6 | Nodes : 727 | ADL : 12161
Partition : 7 | Nodes : 727 | ADL : 14948
Partition : 8 | Nodes : 727 | ADL : 12817
Partition : 9 | Nodes : 727 | ADL : 13433
Partition : 10 | Nodes : 727 | ADL : 9950
Partition : 11 | Nodes : 727 | ADL : 10273
Partition : 12 | Nodes : 727 | ADL : 8113
Partition : 13 | Nodes : 727 | ADL : 21486
Partition : 14 | Nodes : 727 | ADL : 8221
Partition : 15 | Nodes : 727 | ADL : 7399
Partition : 16 | Nodes : 727 | ADL : 9531
Partition : 17 | Nodes : 727 | ADL : 6674
Partition : 18 | Nodes : 727 | ADL : 6273
Partition : 19 | Nodes : 727 | ADL : 4816
Partition : 20 | Nodes : 727 | ADL : 4435
Partition : 21 | Nodes : 727 | ADL : 4798
Partition : 22 | Nodes : 727 | ADL : 5275
Partition : 23 | Nodes : 727 | ADL : 4552
Partition : 24 | Nodes : 727 | ADL : 5540
Partition : 25 | Nodes : 727 | ADL : 5438
Partition : 26 | Nodes : 727 | ADL : 3655
Partition : 27 | Nodes : 727 | ADL : 4019
Partition : 28 | Nodes : 727 | ADL : 4222
Partition : 29 | Nodes : 727 | ADL : 3768
Partition : 30 | Nodes : 727 | ADL : 4888
Partition : 31 | Nodes : 727 | ADL : 4112
Partition : 32 | Nodes : 727 | ADL : 4599
Partition : 33 | Nodes : 727 | ADL : 3162
Partition : 34 | Nodes : 727 | ADL : 3141
Partition : 35 | Nodes : 727 | ADL : 3878
Partition : 36 | Nodes : 727 | ADL : 3476
Partition : 37 | Nodes : 727 | ADL : 4717
Partition : 38 | Nodes : 727 | ADL : 3183
Partition : 39 | Nodes : 727 | ADL : 3472
Partition : 40 | Nodes : 727 | ADL : 2771
Partition : 41 | Nodes : 727 | ADL : 2884
Partition : 42 | Nodes : 727 | ADL : 2566
Partition : 43 | Nodes : 727 | ADL : 2695
Partition : 44 | Nodes : 727 | ADL : 2302
Partition : 45 | Nodes : 727 | ADL : 2180
Partition : 46 | Nodes : 727 | ADL : 2042
Partition : 47 | Nodes : 727 | ADL : 2001
Partition : 48 | Nodes : 727 | ADL : 1813
Partition : 49 | Nodes : 727 | ADL : 2031
Partition : 50 | Nodes : 727 | ADL : 1980
Partition : 51 | Nodes : 727 | ADL : 2241
Partition : 52 | Nodes : 727 | ADL : 1783
Partition : 53 | Nodes : 727 | ADL : 1768
Partition : 54 | Nodes : 727 | ADL : 1613
Partition : 55 | Nodes : 727 | ADL : 1842
Partition : 56 | Nodes : 727 | ADL : 2211
Partition : 57 | Nodes : 727 | ADL : 2169
Partition : 58 | Nodes : 727 | ADL : 1720
Partition : 59 | Nodes : 727 | ADL : 1481
Partition : 60 | Nodes : 727 | ADL : 1738
Partition : 61 | Nodes : 727 | ADL : 1381
Partition : 62 | Nodes : 727 | ADL : 1448
Partition : 63 | Nodes : 727 | ADL : 1232
Partition : 64 | Nodes : 727 | ADL : 1463
Partition : 65 | Nodes : 727 | ADL : 1379
Partition : 66 | Nodes : 727 | ADL : 1316
Partition : 67 | Nodes : 727 | ADL : 1310
Partition : 68 | Nodes : 727 | ADL : 1199
Partition : 69 | Nodes : 727 | ADL : 1250
Partition : 70 | Nodes : 727 | ADL : 1107
Partition : 71 | Nodes : 727 | ADL : 1175
Partition : 72 | Nodes : 727 | ADL : 1182
Partition : 73 | Nodes : 727 | ADL : 1073
Partition : 74 | Nodes : 727 | ADL : 1054
Partition : 75 | Nodes : 727 | ADL : 1311
Partition : 76 | Nodes : 727 | ADL : 1054
Partition : 77 | Nodes : 727 | ADL : 991
Partition : 78 | Nodes : 727 | ADL : 988
Partition : 79 | Nodes : 795 | ADL : 1282
Running Experiments: brightkite
Done with Exp:brightkite_0.80_true_8_1.00
Cleanup Graph: brightkite
Partitioining Graph: ego-twitter
Partition : 0 | Nodes : 1016 | ADL : 148648
Partition : 1 | Nodes : 1016 | ADL : 52976
Partition : 2 | Nodes : 1016 | ADL : 51650
Partition : 3 | Nodes : 1016 | ADL : 41836
Partition : 4 | Nodes : 1016 | ADL : 28589
Partition : 5 | Nodes : 1016 | ADL : 38878
Partition : 6 | Nodes : 1016 | ADL : 68310
Partition : 7 | Nodes : 1016 | ADL : 79611
Partition : 8 | Nodes : 1016 | ADL : 87660
Partition : 9 | Nodes : 1016 | ADL : 110445
Partition : 10 | Nodes : 1016 | ADL : 97060
Partition : 11 | Nodes : 1016 | ADL : 96006
Partition : 12 | Nodes : 1016 | ADL : 52918
Partition : 13 | Nodes : 1016 | ADL : 74916
Partition : 14 | Nodes : 1016 | ADL : 58755
Partition : 15 | Nodes : 1016 | ADL : 62403
Partition : 16 | Nodes : 1016 | ADL : 51779
Partition : 17 | Nodes : 1016 | ADL : 46306
Partition : 18 | Nodes : 1016 | ADL : 53670
Partition : 19 | Nodes : 1016 | ADL : 41918
Partition : 20 | Nodes : 1016 | ADL : 42212
Partition : 21 | Nodes : 1016 | ADL : 42871
Partition : 22 | Nodes : 1016 | ADL : 31664
Partition : 23 | Nodes : 1016 | ADL : 69576
Partition : 24 | Nodes : 1016 | ADL : 58119
Partition : 25 | Nodes : 1016 | ADL : 27687
Partition : 26 | Nodes : 1016 | ADL : 38137
Partition : 27 | Nodes : 1016 | ADL : 31502
Partition : 28 | Nodes : 1016 | ADL : 30727
Partition : 29 | Nodes : 1016 | ADL : 27528
Partition : 30 | Nodes : 1016 | ADL : 31831
Partition : 31 | Nodes : 1016 | ADL : 29162
Partition : 32 | Nodes : 1016 | ADL : 25721
Partition : 33 | Nodes : 1016 | ADL : 22122
Partition : 34 | Nodes : 1016 | ADL : 26561
Partition : 35 | Nodes : 1016 | ADL : 26032
Partition : 36 | Nodes : 1016 | ADL : 20459
Partition : 37 | Nodes : 1016 | ADL : 17451
Partition : 38 | Nodes : 1016 | ADL : 31026
Partition : 39 | Nodes : 1016 | ADL : 25475
Partition : 40 | Nodes : 1016 | ADL : 32760
Partition : 41 | Nodes : 1016 | ADL : 26901
Partition : 42 | Nodes : 1016 | ADL : 29936
Partition : 43 | Nodes : 1016 | ADL : 31808
Partition : 44 | Nodes : 1016 | ADL : 14705
Partition : 45 | Nodes : 1016 | ADL : 25960
Partition : 46 | Nodes : 1016 | ADL : 21879
Partition : 47 | Nodes : 1016 | ADL : 17467
Partition : 48 | Nodes : 1016 | ADL : 18377
Partition : 49 | Nodes : 1016 | ADL : 30285
Partition : 50 | Nodes : 1016 | ADL : 20272
Partition : 51 | Nodes : 1016 | ADL : 19718
Partition : 52 | Nodes : 1016 | ADL : 18891
Partition : 53 | Nodes : 1016 | ADL : 20987
Partition : 54 | Nodes : 1016 | ADL : 20642
Partition : 55 | Nodes : 1016 | ADL : 44660
Partition : 56 | Nodes : 1016 | ADL : 19809
Partition : 57 | Nodes : 1016 | ADL : 19502
Partition : 58 | Nodes : 1016 | ADL : 12859
Partition : 59 | Nodes : 1016 | ADL : 13622
Partition : 60 | Nodes : 1016 | ADL : 21648
Partition : 61 | Nodes : 1016 | ADL : 12888
Partition : 62 | Nodes : 1016 | ADL : 8664
Partition : 63 | Nodes : 1016 | ADL : 14666
Partition : 64 | Nodes : 1016 | ADL : 10189
Partition : 65 | Nodes : 1016 | ADL : 9150
Partition : 66 | Nodes : 1016 | ADL : 20251
Partition : 67 | Nodes : 1016 | ADL : 13447
Partition : 68 | Nodes : 1016 | ADL : 10082
Partition : 69 | Nodes : 1016 | ADL : 8980
Partition : 70 | Nodes : 1016 | ADL : 13926
Partition : 71 | Nodes : 1016 | ADL : 11527
Partition : 72 | Nodes : 1016 | ADL : 12167
Partition : 73 | Nodes : 1016 | ADL : 8153
Partition : 74 | Nodes : 1016 | ADL : 5988
Partition : 75 | Nodes : 1016 | ADL : 6205
Partition : 76 | Nodes : 1016 | ADL : 16616
Partition : 77 | Nodes : 1016 | ADL : 7855
Partition : 78 | Nodes : 1016 | ADL : 6503
Partition : 79 | Nodes : 1042 | ADL : 4450
Running Experiments: ego-twitter
Done with Exp:ego-twitter_0.80_true_8_1.00
Cleanup Graph: ego-twitter
Partitioining Graph: gplus
Partition : 0 | Nodes : 1345 | ADL : 1989716
Partition : 1 | Nodes : 1345 | ADL : 919375
Partition : 2 | Nodes : 1345 | ADL : 200603
Partition : 3 | Nodes : 1345 | ADL : 624159
Partition : 4 | Nodes : 1345 | ADL : 760905
Partition : 5 | Nodes : 1345 | ADL : 938895
Partition : 6 | Nodes : 1345 | ADL : 346955
Partition : 7 | Nodes : 1345 | ADL : 740399
Partition : 8 | Nodes : 1345 | ADL : 1666521
Partition : 9 | Nodes : 1345 | ADL : 786711
Partition : 10 | Nodes : 1345 | ADL : 1269494
Partition : 11 | Nodes : 1345 | ADL : 421713
Partition : 12 | Nodes : 1345 | ADL : 1329280
Partition : 13 | Nodes : 1345 | ADL : 545684
Partition : 14 | Nodes : 1345 | ADL : 285889
Partition : 15 | Nodes : 1345 | ADL : 329146
Partition : 16 | Nodes : 1345 | ADL : 138548
Partition : 17 | Nodes : 1345 | ADL : 434335
Partition : 18 | Nodes : 1345 | ADL : 335891
Partition : 19 | Nodes : 1345 | ADL : 209266
Partition : 20 | Nodes : 1345 | ADL : 567467
Partition : 21 | Nodes : 1345 | ADL : 269009
Partition : 22 | Nodes : 1345 | ADL : 903997
Partition : 23 | Nodes : 1345 | ADL : 328332
Partition : 24 | Nodes : 1345 | ADL : 245925
Partition : 25 | Nodes : 1345 | ADL : 97690
Partition : 26 | Nodes : 1345 | ADL : 140156
Partition : 27 | Nodes : 1345 | ADL : 268849
Partition : 28 | Nodes : 1345 | ADL : 248071
Partition : 29 | Nodes : 1345 | ADL : 124614
Partition : 30 | Nodes : 1345 | ADL : 248307
Partition : 31 | Nodes : 1345 | ADL : 515830
Partition : 32 | Nodes : 1345 | ADL : 493809
Partition : 33 | Nodes : 1345 | ADL : 65904
Partition : 34 | Nodes : 1345 | ADL : 251519
Partition : 35 | Nodes : 1345 | ADL : 133521
Partition : 36 | Nodes : 1345 | ADL : 342315
Partition : 37 | Nodes : 1345 | ADL : 167845
Partition : 38 | Nodes : 1345 | ADL : 198628
Partition : 39 | Nodes : 1345 | ADL : 156698
Partition : 40 | Nodes : 1345 | ADL : 365571
Partition : 41 | Nodes : 1345 | ADL : 109469
Partition : 42 | Nodes : 1345 | ADL : 45816
Partition : 43 | Nodes : 1345 | ADL : 307943
Partition : 44 | Nodes : 1345 | ADL : 133731
Partition : 45 | Nodes : 1345 | ADL : 162439
Partition : 46 | Nodes : 1345 | ADL : 138820
Partition : 47 | Nodes : 1345 | ADL : 103247
Partition : 48 | Nodes : 1345 | ADL : 314062
Partition : 49 | Nodes : 1345 | ADL : 121099
Partition : 50 | Nodes : 1345 | ADL : 228053
Partition : 51 | Nodes : 1345 | ADL : 123721
Partition : 52 | Nodes : 1345 | ADL : 78824
Partition : 53 | Nodes : 1345 | ADL : 154621
Partition : 54 | Nodes : 1345 | ADL : 46423
Partition : 55 | Nodes : 1345 | ADL : 18501
Partition : 56 | Nodes : 1345 | ADL : 143119
Partition : 57 | Nodes : 1345 | ADL : 138241
Partition : 58 | Nodes : 1345 | ADL : 42152
Partition : 59 | Nodes : 1345 | ADL : 140732
Partition : 60 | Nodes : 1345 | ADL : 66823
Partition : 61 | Nodes : 1345 | ADL : 204483
Partition : 62 | Nodes : 1345 | ADL : 148453
Partition : 63 | Nodes : 1345 | ADL : 72362
Partition : 64 | Nodes : 1345 | ADL : 66238
Partition : 65 | Nodes : 1345 | ADL : 35913
Partition : 66 | Nodes : 1345 | ADL : 25943
Partition : 67 | Nodes : 1345 | ADL : 96242
Partition : 68 | Nodes : 1345 | ADL : 35231
Partition : 69 | Nodes : 1345 | ADL : 89270
Partition : 70 | Nodes : 1345 | ADL : 83731
Partition : 71 | Nodes : 1345 | ADL : 134336
Partition : 72 | Nodes : 1345 | ADL : 76420
Partition : 73 | Nodes : 1345 | ADL : 224406
Partition : 74 | Nodes : 1345 | ADL : 59809
Partition : 75 | Nodes : 1345 | ADL : 69280
Partition : 76 | Nodes : 1345 | ADL : 4925
Partition : 77 | Nodes : 1345 | ADL : 6945
Partition : 78 | Nodes : 1345 | ADL : 15007
Partition : 79 | Nodes : 1359 | ADL : 2198
Running Experiments: gplus
Done with Exp:gplus_0.80_true_8_1.00
Cleanup Graph: gplus
Partitioining Graph: stanford
Partition : 0 | Nodes : 3523 | ADL : 740505
Partition : 1 | Nodes : 3523 | ADL : 185085
Partition : 2 | Nodes : 3523 | ADL : 89156
Partition : 3 | Nodes : 3523 | ADL : 186766
Partition : 4 | Nodes : 3523 | ADL : 87063
Partition : 5 | Nodes : 3523 | ADL : 75807
Partition : 6 | Nodes : 3523 | ADL : 59361
Partition : 7 | Nodes : 3523 | ADL : 54476
Partition : 8 | Nodes : 3523 | ADL : 80664
Partition : 9 | Nodes : 3523 | ADL : 53132
Partition : 10 | Nodes : 3523 | ADL : 64891
Partition : 11 | Nodes : 3523 | ADL : 65882
Partition : 12 | Nodes : 3523 | ADL : 53749
Partition : 13 | Nodes : 3523 | ADL : 43989
Partition : 14 | Nodes : 3523 | ADL : 49199
Partition : 15 | Nodes : 3523 | ADL : 51322
Partition : 16 | Nodes : 3523 | ADL : 41580
Partition : 17 | Nodes : 3523 | ADL : 52224
Partition : 18 | Nodes : 3523 | ADL : 50146
Partition : 19 | Nodes : 3523 | ADL : 42809
Partition : 20 | Nodes : 3523 | ADL : 43243
Partition : 21 | Nodes : 3523 | ADL : 49768
Partition : 22 | Nodes : 3523 | ADL : 52065
Partition : 23 | Nodes : 3523 | ADL : 44776
Partition : 24 | Nodes : 3523 | ADL : 52340
Partition : 25 | Nodes : 3523 | ADL : 37462
Partition : 26 | Nodes : 3523 | ADL : 38329
Partition : 27 | Nodes : 3523 | ADL : 42985
Partition : 28 | Nodes : 3523 | ADL : 41427
Partition : 29 | Nodes : 3523 | ADL : 48528
Partition : 30 | Nodes : 3523 | ADL : 36291
Partition : 31 | Nodes : 3523 | ADL : 35969
Partition : 32 | Nodes : 3523 | ADL : 38620
Partition : 33 | Nodes : 3523 | ADL : 37874
Partition : 34 | Nodes : 3523 | ADL : 40313
Partition : 35 | Nodes : 3523 | ADL : 35895
Partition : 36 | Nodes : 3523 | ADL : 37497
Partition : 37 | Nodes : 3523 | ADL : 36859
Partition : 38 | Nodes : 3523 | ADL : 35142
Partition : 39 | Nodes : 3523 | ADL : 33341
Partition : 40 | Nodes : 3523 | ADL : 35361
Partition : 41 | Nodes : 3523 | ADL : 38133
Partition : 42 | Nodes : 3523 | ADL : 24284
Partition : 43 | Nodes : 3523 | ADL : 39575
Partition : 44 | Nodes : 3523 | ADL : 35702
Partition : 45 | Nodes : 3523 | ADL : 32414
Partition : 46 | Nodes : 3523 | ADL : 26358
Partition : 47 | Nodes : 3523 | ADL : 39023
Partition : 48 | Nodes : 3523 | ADL : 39591
Partition : 49 | Nodes : 3523 | ADL : 30977
Partition : 50 | Nodes : 3523 | ADL : 28475
Partition : 51 | Nodes : 3523 | ADL : 24689
Partition : 52 | Nodes : 3523 | ADL : 25195
Partition : 53 | Nodes : 3523 | ADL : 55615
Partition : 54 | Nodes : 3523 | ADL : 27310
Partition : 55 | Nodes : 3523 | ADL : 24298
Partition : 56 | Nodes : 3523 | ADL : 28164
Partition : 57 | Nodes : 3523 | ADL : 26672
Partition : 58 | Nodes : 3523 | ADL : 18645
Partition : 59 | Nodes : 3523 | ADL : 21273
Partition : 60 | Nodes : 3523 | ADL : 24625
Partition : 61 | Nodes : 3523 | ADL : 24853
Partition : 62 | Nodes : 3523 | ADL : 20890
Partition : 63 | Nodes : 3523 | ADL : 19033
Partition : 64 | Nodes : 3523 | ADL : 20982
Partition : 65 | Nodes : 3523 | ADL : 22157
Partition : 66 | Nodes : 3523 | ADL : 21452
Partition : 67 | Nodes : 3523 | ADL : 20451
Partition : 68 | Nodes : 3523 | ADL : 18347
Partition : 69 | Nodes : 3523 | ADL : 19556
Partition : 70 | Nodes : 3523 | ADL : 20374
Partition : 71 | Nodes : 3523 | ADL : 19816
Partition : 72 | Nodes : 3523 | ADL : 17336
Partition : 73 | Nodes : 3523 | ADL : 18617
Partition : 74 | Nodes : 3523 | ADL : 20418
Partition : 75 | Nodes : 3523 | ADL : 19167
Partition : 76 | Nodes : 3523 | ADL : 23033
Partition : 77 | Nodes : 3523 | ADL : 18884
Partition : 78 | Nodes : 3523 | ADL : 22160
Partition : 79 | Nodes : 3586 | ADL : 24837
Running Experiments: stanford
Done with Exp:stanford_0.80_true_8_1.00
Cleanup Graph: stanford
Partitioining Graph: dblp
Partition : 0 | Nodes : 3963 | ADL : 81171
Partition : 1 | Nodes : 3963 | ADL : 80107
Partition : 2 | Nodes : 3963 | ADL : 68539
Partition : 3 | Nodes : 3963 | ADL : 69647
Partition : 4 | Nodes : 3963 | ADL : 67801
Partition : 5 | Nodes : 3963 | ADL : 61123
Partition : 6 | Nodes : 3963 | ADL : 57331
Partition : 7 | Nodes : 3963 | ADL : 57957
Partition : 8 | Nodes : 3963 | ADL : 51917
Partition : 9 | Nodes : 3963 | ADL : 51522
Partition : 10 | Nodes : 3963 | ADL : 47543
Partition : 11 | Nodes : 3963 | ADL : 46929
Partition : 12 | Nodes : 3963 | ADL : 44375
Partition : 13 | Nodes : 3963 | ADL : 43592
Partition : 14 | Nodes : 3963 | ADL : 41636
Partition : 15 | Nodes : 3963 | ADL : 41288
Partition : 16 | Nodes : 3963 | ADL : 38942
Partition : 17 | Nodes : 3963 | ADL : 37541
Partition : 18 | Nodes : 3963 | ADL : 36448
Partition : 19 | Nodes : 3963 | ADL : 36402
Partition : 20 | Nodes : 3963 | ADL : 34907
Partition : 21 | Nodes : 3963 | ADL : 33361
Partition : 22 | Nodes : 3963 | ADL : 32337
Partition : 23 | Nodes : 3963 | ADL : 31095
Partition : 24 | Nodes : 3963 | ADL : 31302
Partition : 25 | Nodes : 3963 | ADL : 29333
Partition : 26 | Nodes : 3963 | ADL : 28340
Partition : 27 | Nodes : 3963 | ADL : 27580
Partition : 28 | Nodes : 3963 | ADL : 27442
Partition : 29 | Nodes : 3963 | ADL : 26829
Partition : 30 | Nodes : 3963 | ADL : 26253
Partition : 31 | Nodes : 3963 | ADL : 24903
Partition : 32 | Nodes : 3963 | ADL : 24243
Partition : 33 | Nodes : 3963 | ADL : 23720
Partition : 34 | Nodes : 3963 | ADL : 23032
Partition : 35 | Nodes : 3963 | ADL : 23274
Partition : 36 | Nodes : 3963 | ADL : 22192
Partition : 37 | Nodes : 3963 | ADL : 21690
Partition : 38 | Nodes : 3963 | ADL : 21275
Partition : 39 | Nodes : 3963 | ADL : 20427
Partition : 40 | Nodes : 3963 | ADL : 19836
Partition : 41 | Nodes : 3963 | ADL : 20052
Partition : 42 | Nodes : 3963 | ADL : 18865
Partition : 43 | Nodes : 3963 | ADL : 18442
Partition : 44 | Nodes : 3963 | ADL : 18028
Partition : 45 | Nodes : 3963 | ADL : 17590
Partition : 46 | Nodes : 3963 | ADL : 17146
Partition : 47 | Nodes : 3963 | ADL : 17005
Partition : 48 | Nodes : 3963 | ADL : 16948
Partition : 49 | Nodes : 3963 | ADL : 16391
Partition : 50 | Nodes : 3963 | ADL : 15904
Partition : 51 | Nodes : 3963 | ADL : 15704
Partition : 52 | Nodes : 3963 | ADL : 15015
Partition : 53 | Nodes : 3963 | ADL : 14931
Partition : 54 | Nodes : 3963 | ADL : 14614
Partition : 55 | Nodes : 3963 | ADL : 14328
Partition : 56 | Nodes : 3963 | ADL : 13896
Partition : 57 | Nodes : 3963 | ADL : 13783
Partition : 58 | Nodes : 3963 | ADL : 13405
Partition : 59 | Nodes : 3963 | ADL : 12686
Partition : 60 | Nodes : 3963 | ADL : 12482
Partition : 61 | Nodes : 3963 | ADL : 12204
Partition : 62 | Nodes : 3963 | ADL : 11783
Partition : 63 | Nodes : 3963 | ADL : 11494
Partition : 64 | Nodes : 3963 | ADL : 11178
Partition : 65 | Nodes : 3963 | ADL : 10784
Partition : 66 | Nodes : 3963 | ADL : 10608
Partition : 67 | Nodes : 3963 | ADL : 10080
Partition : 68 | Nodes : 3963 | ADL : 9866
Partition : 69 | Nodes : 3963 | ADL : 9238
Partition : 70 | Nodes : 3963 | ADL : 9073
Partition : 71 | Nodes : 3963 | ADL : 8561
Partition : 72 | Nodes : 3963 | ADL : 8172
Partition : 73 | Nodes : 3963 | ADL : 7825
Partition : 74 | Nodes : 3963 | ADL : 7535
Partition : 75 | Nodes : 3963 | ADL : 6861
Partition : 76 | Nodes : 3963 | ADL : 6425
Partition : 77 | Nodes : 3963 | ADL : 5988
Partition : 78 | Nodes : 3963 | ADL : 5197
Partition : 79 | Nodes : 4003 | ADL : 4463
Running Experiments: dblp
Done with Exp:dblp_0.80_true_8_1.00
Cleanup Graph: dblp
Partitioining Graph: brain
Partition : 0 | Nodes : 9803 | ADL : 9431762
Partition : 1 | Nodes : 9803 | ADL : 7839640
Partition : 2 | Nodes : 9803 | ADL : 7618861
Partition : 3 | Nodes : 9803 | ADL : 6785000
Partition : 4 | Nodes : 9803 | ADL : 6836287
Partition : 5 | Nodes : 9803 | ADL : 7603836
Partition : 6 | Nodes : 9803 | ADL : 7535259
Partition : 7 | Nodes : 9803 | ADL : 6186703
Partition : 8 | Nodes : 9803 | ADL : 4839236
Partition : 9 | Nodes : 9803 | ADL : 5977114
Partition : 10 | Nodes : 9803 | ADL : 9463373
Partition : 11 | Nodes : 9803 | ADL : 9106786
Partition : 12 | Nodes : 9803 | ADL : 8707536
Partition : 13 | Nodes : 9803 | ADL : 6395929
Partition : 14 | Nodes : 9803 | ADL : 5372084
Partition : 15 | Nodes : 9803 | ADL : 6134923
Partition : 16 | Nodes : 9803 | ADL : 12080344
Partition : 17 | Nodes : 9803 | ADL : 14138795
Partition : 18 | Nodes : 9803 | ADL : 8934527
Partition : 19 | Nodes : 9803 | ADL : 6482866
Partition : 20 | Nodes : 9803 | ADL : 5571208
Partition : 21 | Nodes : 9803 | ADL : 5978317
Partition : 22 | Nodes : 9803 | ADL : 6395902
Partition : 23 | Nodes : 9803 | ADL : 4308612
Partition : 24 | Nodes : 9803 | ADL : 4426861
Partition : 25 | Nodes : 9803 | ADL : 7660838
Partition : 26 | Nodes : 9803 | ADL : 7980496
Partition : 27 | Nodes : 9803 | ADL : 8806481
Partition : 28 | Nodes : 9803 | ADL : 9820947
Partition : 29 | Nodes : 9803 | ADL : 10417871
Partition : 30 | Nodes : 9803 | ADL : 8879126
Partition : 31 | Nodes : 9803 | ADL : 10346601
Partition : 32 | Nodes : 9803 | ADL : 9721103
Partition : 33 | Nodes : 9803 | ADL : 9047444
Partition : 34 | Nodes : 9803 | ADL : 9650675
Partition : 35 | Nodes : 9803 | ADL : 8387287
Partition : 36 | Nodes : 9803 | ADL : 9562081
Partition : 37 | Nodes : 9803 | ADL : 10146930
Partition : 38 | Nodes : 9803 | ADL : 11499019
Partition : 39 | Nodes : 9803 | ADL : 11095192
Partition : 40 | Nodes : 9803 | ADL : 10556289
Partition : 41 | Nodes : 9803 | ADL : 9692206
Partition : 42 | Nodes : 9803 | ADL : 10266806
Partition : 43 | Nodes : 9803 | ADL : 10508151
Partition : 44 | Nodes : 9803 | ADL : 8317120
Partition : 45 | Nodes : 9803 | ADL : 6798327
Partition : 46 | Nodes : 9803 | ADL : 6426943
Partition : 47 | Nodes : 9803 | ADL : 2743279
Partition : 48 | Nodes : 9803 | ADL : 1539661
Partition : 49 | Nodes : 9803 | ADL : 993210
Partition : 50 | Nodes : 9803 | ADL : 1780229
Partition : 51 | Nodes : 9803 | ADL : 4486711
Partition : 52 | Nodes : 9803 | ADL : 8140405
Partition : 53 | Nodes : 9803 | ADL : 6469709
Partition : 54 | Nodes : 9803 | ADL : 6040431
Partition : 55 | Nodes : 9803 | ADL : 5018706
Partition : 56 | Nodes : 9803 | ADL : 4539888
Partition : 57 | Nodes : 9803 | ADL : 5111629
Partition : 58 | Nodes : 9803 | ADL : 7096536
Partition : 59 | Nodes : 9803 | ADL : 6285853
Partition : 60 | Nodes : 9803 | ADL : 5710285
Partition : 61 | Nodes : 9803 | ADL : 6271004
Partition : 62 | Nodes : 9803 | ADL : 5202636
Partition : 63 | Nodes : 9803 | ADL : 4700664
Partition : 64 | Nodes : 9803 | ADL : 4318265
Partition : 65 | Nodes : 9803 | ADL : 4416309
Partition : 66 | Nodes : 9803 | ADL : 4684659
Partition : 67 | Nodes : 9803 | ADL : 3187558
Partition : 68 | Nodes : 9803 | ADL : 8024223
Partition : 69 | Nodes : 9803 | ADL : 4065948
Partition : 70 | Nodes : 9803 | ADL : 3806565
Partition : 71 | Nodes : 9803 | ADL : 5780599
Partition : 72 | Nodes : 9803 | ADL : 6126725
Partition : 73 | Nodes : 9803 | ADL : 5416856
Partition : 74 | Nodes : 9803 | ADL : 4941095
Partition : 75 | Nodes : 9803 | ADL : 3404437
Partition : 76 | Nodes : 9803 | ADL : 2549665
Partition : 77 | Nodes : 9803 | ADL : 1877197
Partition : 78 | Nodes : 9803 | ADL : 944700
Partition : 79 | Nodes : 9825 | ADL : 274007
Running Experiments: brain
Done with Exp:brain_0.80_true_8_1.00
Cleanup Graph: brain
Partitioining Graph: orkut
Partition : 0 | Nodes : 38405 | ADL : 11139585
Partition : 1 | Nodes : 38405 | ADL : 8650544
Partition : 2 | Nodes : 38405 | ADL : 7936912
Partition : 3 | Nodes : 38405 | ADL : 7323214
Partition : 4 | Nodes : 38405 | ADL : 6997882
Partition : 5 | Nodes : 38405 | ADL : 6535873
Partition : 6 | Nodes : 38405 | ADL : 6386151
Partition : 7 | Nodes : 38405 | ADL : 6090191
Partition : 8 | Nodes : 38405 | ADL : 5825764
Partition : 9 | Nodes : 38405 | ADL : 5586797
Partition : 10 | Nodes : 38405 | ADL : 5405025
Partition : 11 | Nodes : 38405 | ADL : 5251905
Partition : 12 | Nodes : 38405 | ADL : 5051403
Partition : 13 | Nodes : 38405 | ADL : 4888008
Partition : 14 | Nodes : 38405 | ADL : 4742873
Partition : 15 | Nodes : 38405 | ADL : 4609250
Partition : 16 | Nodes : 38405 | ADL : 4462378
Partition : 17 | Nodes : 38405 | ADL : 4375975
Partition : 18 | Nodes : 38405 | ADL : 4229768
Partition : 19 | Nodes : 38405 | ADL : 4101231
Partition : 20 | Nodes : 38405 | ADL : 4023158
Partition : 21 | Nodes : 38405 | ADL : 3896009
Partition : 22 | Nodes : 38405 | ADL : 3807354
Partition : 23 | Nodes : 38405 | ADL : 3712365
Partition : 24 | Nodes : 38405 | ADL : 3592714
Partition : 25 | Nodes : 38405 | ADL : 3499900
Partition : 26 | Nodes : 38405 | ADL : 3410147
Partition : 27 | Nodes : 38405 | ADL : 3335334
Partition : 28 | Nodes : 38405 | ADL : 3259260
Partition : 29 | Nodes : 38405 | ADL : 3186797
Partition : 30 | Nodes : 38405 | ADL : 3110663
Partition : 31 | Nodes : 38405 | ADL : 3036151
Partition : 32 | Nodes : 38405 | ADL : 2967111
Partition : 33 | Nodes : 38405 | ADL : 2892074
Partition : 34 | Nodes : 38405 | ADL : 2829687
Partition : 35 | Nodes : 38405 | ADL : 2742041
Partition : 36 | Nodes : 38405 | ADL : 2702535
Partition : 37 | Nodes : 38405 | ADL : 2643435
Partition : 38 | Nodes : 38405 | ADL : 2552185
Partition : 39 | Nodes : 38405 | ADL : 2488989
Partition : 40 | Nodes : 38405 | ADL : 2439030
Partition : 41 | Nodes : 38405 | ADL : 2389715
Partition : 42 | Nodes : 38405 | ADL : 2319111
Partition : 43 | Nodes : 38405 | ADL : 2260954
Partition : 44 | Nodes : 38405 | ADL : 2190140
Partition : 45 | Nodes : 38405 | ADL : 2124237
Partition : 46 | Nodes : 38405 | ADL : 2076793
Partition : 47 | Nodes : 38405 | ADL : 2020391
Partition : 48 | Nodes : 38405 | ADL : 1961564
Partition : 49 | Nodes : 38405 | ADL : 1896907
Partition : 50 | Nodes : 38405 | ADL : 1839933
Partition : 51 | Nodes : 38405 | ADL : 1777100
Partition : 52 | Nodes : 38405 | ADL : 1734344
Partition : 53 | Nodes : 38405 | ADL : 1658814
Partition : 54 | Nodes : 38405 | ADL : 1602610
Partition : 55 | Nodes : 38405 | ADL : 1564424
Partition : 56 | Nodes : 38405 | ADL : 1499812
Partition : 57 | Nodes : 38405 | ADL : 1446127
Partition : 58 | Nodes : 38405 | ADL : 1378779
Partition : 59 | Nodes : 38405 | ADL : 1327524
Partition : 60 | Nodes : 38405 | ADL : 1270927
Partition : 61 | Nodes : 38405 | ADL : 1207412
Partition : 62 | Nodes : 38405 | ADL : 1155513
Partition : 63 | Nodes : 38405 | ADL : 1096750
Partition : 64 | Nodes : 38405 | ADL : 1036966
Partition : 65 | Nodes : 38405 | ADL : 981656
Partition : 66 | Nodes : 38405 | ADL : 911917
Partition : 67 | Nodes : 38405 | ADL : 855404
Partition : 68 | Nodes : 38405 | ADL : 787665
Partition : 69 | Nodes : 38405 | ADL : 727392
Partition : 70 | Nodes : 38405 | ADL : 661842
Partition : 71 | Nodes : 38405 | ADL : 599677
Partition : 72 | Nodes : 38405 | ADL : 531909
Partition : 73 | Nodes : 38405 | ADL : 463650
Partition : 74 | Nodes : 38405 | ADL : 388843
Partition : 75 | Nodes : 38405 | ADL : 321127
Partition : 76 | Nodes : 38405 | ADL : 246714
Partition : 77 | Nodes : 38405 | ADL : 174190
Partition : 78 | Nodes : 38405 | ADL : 107517
Partition : 79 | Nodes : 38446 | ADL : 56148
Running Experiments: orkut
Done with Exp:orkut_0.80_true_8_1.00
Cleanup Graph: orkut
Partitioining Graph: livejournal
Partition : 0 | Nodes : 60582 | ADL : 7487619
Partition : 1 | Nodes : 60582 | ADL : 5604521
Partition : 2 | Nodes : 60582 | ADL : 4770677
Partition : 3 | Nodes : 60582 | ADL : 4225778
Partition : 4 | Nodes : 60582 | ADL : 3770825
Partition : 5 | Nodes : 60582 | ADL : 3419954
Partition : 6 | Nodes : 60582 | ADL : 3124359
Partition : 7 | Nodes : 60582 | ADL : 2900111
Partition : 8 | Nodes : 60582 | ADL : 2701432
Partition : 9 | Nodes : 60582 | ADL : 2501750
Partition : 10 | Nodes : 60582 | ADL : 2337306
Partition : 11 | Nodes : 60582 | ADL : 2212203
Partition : 12 | Nodes : 60582 | ADL : 2071099
Partition : 13 | Nodes : 60582 | ADL : 1976983
Partition : 14 | Nodes : 60582 | ADL : 1875477
Partition : 15 | Nodes : 60582 | ADL : 1754419
Partition : 16 | Nodes : 60582 | ADL : 1665710
Partition : 17 | Nodes : 60582 | ADL : 1593991
Partition : 18 | Nodes : 60582 | ADL : 1508404
Partition : 19 | Nodes : 60582 | ADL : 1439352
Partition : 20 | Nodes : 60582 | ADL : 1373440
Partition : 21 | Nodes : 60582 | ADL : 1303005
Partition : 22 | Nodes : 60582 | ADL : 1232183
Partition : 23 | Nodes : 60582 | ADL : 1181428
Partition : 24 | Nodes : 60582 | ADL : 1130029
Partition : 25 | Nodes : 60582 | ADL : 1068048
Partition : 26 | Nodes : 60582 | ADL : 1022867
Partition : 27 | Nodes : 60582 | ADL : 971624
Partition : 28 | Nodes : 60582 | ADL : 921902
Partition : 29 | Nodes : 60582 | ADL : 887562
Partition : 30 | Nodes : 60582 | ADL : 844969
Partition : 31 | Nodes : 60582 | ADL : 798931
Partition : 32 | Nodes : 60582 | ADL : 760332
Partition : 33 | Nodes : 60582 | ADL : 723719
Partition : 34 | Nodes : 60582 | ADL : 690880
Partition : 35 | Nodes : 60582 | ADL : 659478
Partition : 36 | Nodes : 60582 | ADL : 627169
Partition : 37 | Nodes : 60582 | ADL : 598672
Partition : 38 | Nodes : 60582 | ADL : 564400
Partition : 39 | Nodes : 60582 | ADL : 541084
Partition : 40 | Nodes : 60582 | ADL : 515387
Partition : 41 | Nodes : 60582 | ADL : 486695
Partition : 42 | Nodes : 60582 | ADL : 466897
Partition : 43 | Nodes : 60582 | ADL : 442304
Partition : 44 | Nodes : 60582 | ADL : 421668
Partition : 45 | Nodes : 60582 | ADL : 398933
Partition : 46 | Nodes : 60582 | ADL : 378566
Partition : 47 | Nodes : 60582 | ADL : 360923
Partition : 48 | Nodes : 60582 | ADL : 340458
Partition : 49 | Nodes : 60582 | ADL : 324534
Partition : 50 | Nodes : 60582 | ADL : 307576
Partition : 51 | Nodes : 60582 | ADL : 292576
Partition : 52 | Nodes : 60582 | ADL : 278159
Partition : 53 | Nodes : 60582 | ADL : 262605
Partition : 54 | Nodes : 60582 | ADL : 250306
Partition : 55 | Nodes : 60582 | ADL : 238030
Partition : 56 | Nodes : 60582 | ADL : 224556
Partition : 57 | Nodes : 60582 | ADL : 212100
Partition : 58 | Nodes : 60582 | ADL : 202108
Partition : 59 | Nodes : 60582 | ADL : 192288
Partition : 60 | Nodes : 60582 | ADL : 181579
Partition : 61 | Nodes : 60582 | ADL : 171868
Partition : 62 | Nodes : 60582 | ADL : 162810
Partition : 63 | Nodes : 60582 | ADL : 154857
Partition : 64 | Nodes : 60582 | ADL : 145855
Partition : 65 | Nodes : 60582 | ADL : 138864
Partition : 66 | Nodes : 60582 | ADL : 131282
Partition : 67 | Nodes : 60582 | ADL : 124405
Partition : 68 | Nodes : 60582 | ADL : 117232
Partition : 69 | Nodes : 60582 | ADL : 110568
Partition : 70 | Nodes : 60582 | ADL : 105301
Partition : 71 | Nodes : 60582 | ADL : 99279
Partition : 72 | Nodes : 60582 | ADL : 93623
Partition : 73 | Nodes : 60582 | ADL : 88865
Partition : 74 | Nodes : 60582 | ADL : 83636
Partition : 75 | Nodes : 60582 | ADL : 78757
Partition : 76 | Nodes : 60582 | ADL : 74376
Partition : 77 | Nodes : 60582 | ADL : 70364
Partition : 78 | Nodes : 60582 | ADL : 66185
Partition : 79 | Nodes : 60631 | ADL : 62407
Running Experiments: livejournal
Done with Exp:livejournal_0.80_true_8_1.00
Cleanup Graph: livejournal
Partitioining Graph: twitter
Partition : 0 | Nodes : 520652 | ADL : 8472514
Partition : 1 | Nodes : 520652 | ADL : 11139622
Partition : 2 | Nodes : 520652 | ADL : 11704471
Partition : 3 | Nodes : 520652 | ADL : 13191756
Partition : 4 | Nodes : 520652 | ADL : 11167451
Partition : 5 | Nodes : 520652 | ADL : 11129917
Partition : 6 | Nodes : 520652 | ADL : 11423970
Partition : 7 | Nodes : 520652 | ADL : 11905031
Partition : 8 | Nodes : 520652 | ADL : 14896347
Partition : 9 | Nodes : 520652 | ADL : 14992134
Partition : 10 | Nodes : 520652 | ADL : 14918225
Partition : 11 | Nodes : 520652 | ADL : 14564437
Partition : 12 | Nodes : 520652 | ADL : 14208099
Partition : 13 | Nodes : 520652 | ADL : 14110344
Partition : 14 | Nodes : 520652 | ADL : 13518594
Partition : 15 | Nodes : 520652 | ADL : 13958488
Partition : 16 | Nodes : 520652 | ADL : 14317559
Partition : 17 | Nodes : 520652 | ADL : 14090052
Partition : 18 | Nodes : 520652 | ADL : 14702265
Partition : 19 | Nodes : 520652 | ADL : 15593515
Partition : 20 | Nodes : 520652 | ADL : 15671088
Partition : 21 | Nodes : 520652 | ADL : 16161617
Partition : 22 | Nodes : 520652 | ADL : 15347945
Partition : 23 | Nodes : 520652 | ADL : 15721995
Partition : 24 | Nodes : 520652 | ADL : 15292583
Partition : 25 | Nodes : 520652 | ADL : 15528704
Partition : 26 | Nodes : 520652 | ADL : 14459228
Partition : 27 | Nodes : 520652 | ADL : 14403372
Partition : 28 | Nodes : 520652 | ADL : 12968015
Partition : 29 | Nodes : 520652 | ADL : 13134754
Partition : 30 | Nodes : 520652 | ADL : 13028297
Partition : 31 | Nodes : 520652 | ADL : 12579886
Partition : 32 | Nodes : 520652 | ADL : 11933480
Partition : 33 | Nodes : 520652 | ADL : 12083935
Partition : 34 | Nodes : 520652 | ADL : 13985163
Partition : 35 | Nodes : 520652 | ADL : 11964473
Partition : 36 | Nodes : 520652 | ADL : 14408310
Partition : 37 | Nodes : 520652 | ADL : 29709961
Partition : 38 | Nodes : 520652 | ADL : 26392794
Partition : 39 | Nodes : 520652 | ADL : 28773463
Partition : 40 | Nodes : 520652 | ADL : 63898424
Partition : 41 | Nodes : 520652 | ADL : 519597217
Partition : 42 | Nodes : 520652 | ADL : 55056918
Partition : 43 | Nodes : 520652 | ADL : 88895029
Partition : 44 | Nodes : 520652 | ADL : 57057419
Partition : 45 | Nodes : 520652 | ADL : 339161488
Partition : 46 | Nodes : 520652 | ADL : 43060664
Partition : 47 | Nodes : 520652 | ADL : 72028192
Partition : 48 | Nodes : 520652 | ADL : 30508612
Partition : 49 | Nodes : 520652 | ADL : 25278699
Partition : 50 | Nodes : 520652 | ADL : 16418969
Partition : 51 | Nodes : 520652 | ADL : 13962043
Partition : 52 | Nodes : 520652 | ADL : 12535704
Partition : 53 | Nodes : 520652 | ADL : 36179189
Partition : 54 | Nodes : 520652 | ADL : 12184866
Partition : 55 | Nodes : 520652 | ADL : 17001841
Partition : 56 | Nodes : 520652 | ADL : 14023765
Partition : 57 | Nodes : 520652 | ADL : 11613991
Partition : 58 | Nodes : 520652 | ADL : 11827097
Partition : 59 | Nodes : 520652 | ADL : 14002189
Partition : 60 | Nodes : 520652 | ADL : 12731137
Partition : 61 | Nodes : 520652 | ADL : 12835999
Partition : 62 | Nodes : 520652 | ADL : 14376366
Partition : 63 | Nodes : 520652 | ADL : 11913328
Partition : 64 | Nodes : 520652 | ADL : 19126357
Partition : 65 | Nodes : 520652 | ADL : 12776971
Partition : 66 | Nodes : 520652 | ADL : 14165350
Partition : 67 | Nodes : 520652 | ADL : 14095064
Partition : 68 | Nodes : 520652 | ADL : 11562514
Partition : 69 | Nodes : 520652 | ADL : 31342870
Partition : 70 | Nodes : 520652 | ADL : 11581242
Partition : 71 | Nodes : 520652 | ADL : 13442189
Partition : 72 | Nodes : 520652 | ADL : 14285496
Partition : 73 | Nodes : 520652 | ADL : 18228645
Partition : 74 | Nodes : 520652 | ADL : 15659825
Partition : 75 | Nodes : 520652 | ADL : 24547930
Partition : 76 | Nodes : 520652 | ADL : 27281369
Partition : 77 | Nodes : 520652 | ADL : 40193625
Partition : 78 | Nodes : 520652 | ADL : 21540965
Partition : 79 | Nodes : 520722 | ADL : 21492680
Running Experiments: twitter
Done with Exp:twitter_0.80_true_8_1.00
Cleanup Graph: twitter
Partitioining Graph: friendster
Running Experiments: friendster
failed to open file: /home/pm886/palmer_scratch/graph-dp-experiments/graphs_new/friendster_partitioned_80/66.txt
panic: runtime error: invalid memory address or nil pointer dereference
[signal SIGSEGV: segmentation violation code=0x1 addr=0x8 pc=0x4ed0ca]

goroutine 1 [running]:
github.com/mundrapranay/DistributedLEDPGraphAlgos/algorithms.loadGraphWorker({0xcdfe5a07e0, 0x5b}, 0x339e910, 0xc0001ac696?, 0x546060?, 0x5?, 0xc00019f9f0?, 0xf0?, 0x0, 0x1ecb)
	/home/pm886/DistributedLEDPGraphAlgos/algorithms/kcore-ldp.go:66 +0xaa
github.com/mundrapranay/DistributedLEDPGraphAlgos/algorithms.KCoreLDPCoord(0x3e91aae, 0x3fe0000000000000, 0x3ff0000000000000, 0x3fe999999999999a, 0x1, 0x8, 0x1, {0xc00002a2a0, 0x55}, {0xc000019208, ...}, ...)
	/home/pm886/DistributedLEDPGraphAlgos/algorithms/kcore-ldp.go:341 +0x4a5
github.com/mundrapranay/DistributedLEDPGraphAlgos/experiments.Runner({0x7ffc8d81ee17, 0x18}, 0x50)
	/home/pm886/DistributedLEDPGraphAlgos/experiments/experiments.go:64 +0xa18
main.main()
	/home/pm886/DistributedLEDPGraphAlgos/cmd/main.go:22 +0x171
exit status 2
Cleanup Graph: friendster
