Running Experiments: email-eu-core
Done with Exp:email-eu-core_0.20_true_8_0.25
Done with Exp:email-eu-core_0.20_true_8_0.25
Done with Exp:email-eu-core_0.20_true_8_0.25
Done with Exp:email-eu-core_0.20_true_8_0.25
Done with Exp:email-eu-core_0.20_true_8_0.25
Done with Exp:email-eu-core_0.20_true_8_0.50
Done with Exp:email-eu-core_0.20_true_8_0.50
Done with Exp:email-eu-core_0.20_true_8_0.50
Done with Exp:email-eu-core_0.20_true_8_0.50
Done with Exp:email-eu-core_0.20_true_8_0.50
Done with Exp:email-eu-core_0.20_true_8_0.75
Done with Exp:email-eu-core_0.20_true_8_0.75
Done with Exp:email-eu-core_0.20_true_8_0.75
Done with Exp:email-eu-core_0.20_true_8_0.75
Done with Exp:email-eu-core_0.20_true_8_0.75
Done with Exp:email-eu-core_0.20_true_8_1.00
Done with Exp:email-eu-core_0.20_true_8_1.00
Done with Exp:email-eu-core_0.20_true_8_1.00
Done with Exp:email-eu-core_0.20_true_8_1.00
Done with Exp:email-eu-core_0.20_true_8_1.00
Done with Exp:email-eu-core_0.20_true_8_1.50
Done with Exp:email-eu-core_0.20_true_8_1.50
Done with Exp:email-eu-core_0.20_true_8_1.50
Done with Exp:email-eu-core_0.20_true_8_1.50
Done with Exp:email-eu-core_0.20_true_8_1.50
Done with Exp:email-eu-core_0.20_true_8_2.00
Done with Exp:email-eu-core_0.20_true_8_2.00
Done with Exp:email-eu-core_0.20_true_8_2.00
Done with Exp:email-eu-core_0.20_true_8_2.00
Done with Exp:email-eu-core_0.20_true_8_2.00
Done with Exp:email-eu-core_0.33_true_8_0.25
Done with Exp:email-eu-core_0.33_true_8_0.25
Done with Exp:email-eu-core_0.33_true_8_0.25
Done with Exp:email-eu-core_0.33_true_8_0.25
Done with Exp:email-eu-core_0.33_true_8_0.25
Done with Exp:email-eu-core_0.33_true_8_0.50
Done with Exp:email-eu-core_0.33_true_8_0.50
Done with Exp:email-eu-core_0.33_true_8_0.50
Done with Exp:email-eu-core_0.33_true_8_0.50
Done with Exp:email-eu-core_0.33_true_8_0.50
Done with Exp:email-eu-core_0.33_true_8_0.75
Done with Exp:email-eu-core_0.33_true_8_0.75
Done with Exp:email-eu-core_0.33_true_8_0.75
Done with Exp:email-eu-core_0.33_true_8_0.75
Done with Exp:email-eu-core_0.33_true_8_0.75
Done with Exp:email-eu-core_0.33_true_8_1.00
Done with Exp:email-eu-core_0.33_true_8_1.00
Done with Exp:email-eu-core_0.33_true_8_1.00
Done with Exp:email-eu-core_0.33_true_8_1.00
Done with Exp:email-eu-core_0.33_true_8_1.00
Done with Exp:email-eu-core_0.33_true_8_1.50
Done with Exp:email-eu-core_0.33_true_8_1.50
Done with Exp:email-eu-core_0.33_true_8_1.50
Done with Exp:email-eu-core_0.33_true_8_1.50
Done with Exp:email-eu-core_0.33_true_8_1.50
Done with Exp:email-eu-core_0.33_true_8_2.00
Done with Exp:email-eu-core_0.33_true_8_2.00
Done with Exp:email-eu-core_0.33_true_8_2.00
Done with Exp:email-eu-core_0.33_true_8_2.00
Done with Exp:email-eu-core_0.33_true_8_2.00
Done with Exp:email-eu-core_0.50_true_8_0.25
Done with Exp:email-eu-core_0.50_true_8_0.25
Done with Exp:email-eu-core_0.50_true_8_0.25
Done with Exp:email-eu-core_0.50_true_8_0.25
Done with Exp:email-eu-core_0.50_true_8_0.25
Done with Exp:email-eu-core_0.50_true_8_0.50
Done with Exp:email-eu-core_0.50_true_8_0.50
Done with Exp:email-eu-core_0.50_true_8_0.50
Done with Exp:email-eu-core_0.50_true_8_0.50
Done with Exp:email-eu-core_0.50_true_8_0.50
Done with Exp:email-eu-core_0.50_true_8_0.75
Done with Exp:email-eu-core_0.50_true_8_0.75
Done with Exp:email-eu-core_0.50_true_8_0.75
Done with Exp:email-eu-core_0.50_true_8_0.75
Done with Exp:email-eu-core_0.50_true_8_0.75
Done with Exp:email-eu-core_0.50_true_8_1.00
Done with Exp:email-eu-core_0.50_true_8_1.00
Done with Exp:email-eu-core_0.50_true_8_1.00
Done with Exp:email-eu-core_0.50_true_8_1.00
Done with Exp:email-eu-core_0.50_true_8_1.00
Done with Exp:email-eu-core_0.50_true_8_1.50
Done with Exp:email-eu-core_0.50_true_8_1.50
Done with Exp:email-eu-core_0.50_true_8_1.50
Done with Exp:email-eu-core_0.50_true_8_1.50
Done with Exp:email-eu-core_0.50_true_8_1.50
Done with Exp:email-eu-core_0.50_true_8_2.00
Done with Exp:email-eu-core_0.50_true_8_2.00
Done with Exp:email-eu-core_0.50_true_8_2.00
Done with Exp:email-eu-core_0.50_true_8_2.00
Done with Exp:email-eu-core_0.50_true_8_2.00
Done with Exp:email-eu-core_0.67_true_8_0.25
Done with Exp:email-eu-core_0.67_true_8_0.25
Done with Exp:email-eu-core_0.67_true_8_0.25
Done with Exp:email-eu-core_0.67_true_8_0.25
Done with Exp:email-eu-core_0.67_true_8_0.25
Done with Exp:email-eu-core_0.67_true_8_0.50
Done with Exp:email-eu-core_0.67_true_8_0.50
Done with Exp:email-eu-core_0.67_true_8_0.50
Done with Exp:email-eu-core_0.67_true_8_0.50
Done with Exp:email-eu-core_0.67_true_8_0.50
Done with Exp:email-eu-core_0.67_true_8_0.75
Done with Exp:email-eu-core_0.67_true_8_0.75
Done with Exp:email-eu-core_0.67_true_8_0.75
Done with Exp:email-eu-core_0.67_true_8_0.75
Done with Exp:email-eu-core_0.67_true_8_0.75
Done with Exp:email-eu-core_0.67_true_8_1.00
Done with Exp:email-eu-core_0.67_true_8_1.00
Done with Exp:email-eu-core_0.67_true_8_1.00
Done with Exp:email-eu-core_0.67_true_8_1.00
Done with Exp:email-eu-core_0.67_true_8_1.00
Done with Exp:email-eu-core_0.67_true_8_1.50
Done with Exp:email-eu-core_0.67_true_8_1.50
Done with Exp:email-eu-core_0.67_true_8_1.50
Done with Exp:email-eu-core_0.67_true_8_1.50
Done with Exp:email-eu-core_0.67_true_8_1.50
Done with Exp:email-eu-core_0.67_true_8_2.00
Done with Exp:email-eu-core_0.67_true_8_2.00
Done with Exp:email-eu-core_0.67_true_8_2.00
Done with Exp:email-eu-core_0.67_true_8_2.00
Done with Exp:email-eu-core_0.67_true_8_2.00
Done with Exp:email-eu-core_0.80_true_8_0.25
Done with Exp:email-eu-core_0.80_true_8_0.25
Done with Exp:email-eu-core_0.80_true_8_0.25
Done with Exp:email-eu-core_0.80_true_8_0.25
Done with Exp:email-eu-core_0.80_true_8_0.25
Done with Exp:email-eu-core_0.80_true_8_0.50
Done with Exp:email-eu-core_0.80_true_8_0.50
Done with Exp:email-eu-core_0.80_true_8_0.50
Done with Exp:email-eu-core_0.80_true_8_0.50
Done with Exp:email-eu-core_0.80_true_8_0.50
Done with Exp:email-eu-core_0.80_true_8_0.75
Done with Exp:email-eu-core_0.80_true_8_0.75
Done with Exp:email-eu-core_0.80_true_8_0.75
Done with Exp:email-eu-core_0.80_true_8_0.75
Done with Exp:email-eu-core_0.80_true_8_0.75
Done with Exp:email-eu-core_0.80_true_8_1.00
Done with Exp:email-eu-core_0.80_true_8_1.00
Done with Exp:email-eu-core_0.80_true_8_1.00
Done with Exp:email-eu-core_0.80_true_8_1.00
Done with Exp:email-eu-core_0.80_true_8_1.00
Done with Exp:email-eu-core_0.80_true_8_1.50
Done with Exp:email-eu-core_0.80_true_8_1.50
Done with Exp:email-eu-core_0.80_true_8_1.50
Done with Exp:email-eu-core_0.80_true_8_1.50
Done with Exp:email-eu-core_0.80_true_8_1.50
Done with Exp:email-eu-core_0.80_true_8_2.00
Done with Exp:email-eu-core_0.80_true_8_2.00
Done with Exp:email-eu-core_0.80_true_8_2.00
Done with Exp:email-eu-core_0.80_true_8_2.00
Done with Exp:email-eu-core_0.80_true_8_2.00
Running Experiments: wiki
Done with Exp:wiki_0.20_true_8_0.25
Done with Exp:wiki_0.20_true_8_0.25
Done with Exp:wiki_0.20_true_8_0.25
Done with Exp:wiki_0.20_true_8_0.25
Done with Exp:wiki_0.20_true_8_0.25
Done with Exp:wiki_0.20_true_8_0.50
Done with Exp:wiki_0.20_true_8_0.50
Done with Exp:wiki_0.20_true_8_0.50
Done with Exp:wiki_0.20_true_8_0.50
Done with Exp:wiki_0.20_true_8_0.50
Done with Exp:wiki_0.20_true_8_0.75
Done with Exp:wiki_0.20_true_8_0.75
Done with Exp:wiki_0.20_true_8_0.75
Done with Exp:wiki_0.20_true_8_0.75
Done with Exp:wiki_0.20_true_8_0.75
Done with Exp:wiki_0.20_true_8_1.00
Done with Exp:wiki_0.20_true_8_1.00
Done with Exp:wiki_0.20_true_8_1.00
Done with Exp:wiki_0.20_true_8_1.00
Done with Exp:wiki_0.20_true_8_1.00
Done with Exp:wiki_0.20_true_8_1.50
Done with Exp:wiki_0.20_true_8_1.50
Done with Exp:wiki_0.20_true_8_1.50
Done with Exp:wiki_0.20_true_8_1.50
Done with Exp:wiki_0.20_true_8_1.50
Done with Exp:wiki_0.20_true_8_2.00
Done with Exp:wiki_0.20_true_8_2.00
Done with Exp:wiki_0.20_true_8_2.00
Done with Exp:wiki_0.20_true_8_2.00
Done with Exp:wiki_0.20_true_8_2.00
Done with Exp:wiki_0.33_true_8_0.25
Done with Exp:wiki_0.33_true_8_0.25
Done with Exp:wiki_0.33_true_8_0.25
Done with Exp:wiki_0.33_true_8_0.25
Done with Exp:wiki_0.33_true_8_0.25
Done with Exp:wiki_0.33_true_8_0.50
Done with Exp:wiki_0.33_true_8_0.50
Done with Exp:wiki_0.33_true_8_0.50
Done with Exp:wiki_0.33_true_8_0.50
Done with Exp:wiki_0.33_true_8_0.50
Done with Exp:wiki_0.33_true_8_0.75
Done with Exp:wiki_0.33_true_8_0.75
Done with Exp:wiki_0.33_true_8_0.75
Done with Exp:wiki_0.33_true_8_0.75
Done with Exp:wiki_0.33_true_8_0.75
Done with Exp:wiki_0.33_true_8_1.00
Done with Exp:wiki_0.33_true_8_1.00
Done with Exp:wiki_0.33_true_8_1.00
Done with Exp:wiki_0.33_true_8_1.00
Done with Exp:wiki_0.33_true_8_1.00
Done with Exp:wiki_0.33_true_8_1.50
Done with Exp:wiki_0.33_true_8_1.50
Done with Exp:wiki_0.33_true_8_1.50
Done with Exp:wiki_0.33_true_8_1.50
Done with Exp:wiki_0.33_true_8_1.50
Done with Exp:wiki_0.33_true_8_2.00
Done with Exp:wiki_0.33_true_8_2.00
Done with Exp:wiki_0.33_true_8_2.00
Done with Exp:wiki_0.33_true_8_2.00
Done with Exp:wiki_0.33_true_8_2.00
Done with Exp:wiki_0.50_true_8_0.25
Done with Exp:wiki_0.50_true_8_0.25
Done with Exp:wiki_0.50_true_8_0.25
Done with Exp:wiki_0.50_true_8_0.25
Done with Exp:wiki_0.50_true_8_0.25
Done with Exp:wiki_0.50_true_8_0.50
Done with Exp:wiki_0.50_true_8_0.50
Done with Exp:wiki_0.50_true_8_0.50
Done with Exp:wiki_0.50_true_8_0.50
Done with Exp:wiki_0.50_true_8_0.50
Done with Exp:wiki_0.50_true_8_0.75
Done with Exp:wiki_0.50_true_8_0.75
Done with Exp:wiki_0.50_true_8_0.75
Done with Exp:wiki_0.50_true_8_0.75
Done with Exp:wiki_0.50_true_8_0.75
Done with Exp:wiki_0.50_true_8_1.00
Done with Exp:wiki_0.50_true_8_1.00
Done with Exp:wiki_0.50_true_8_1.00
Done with Exp:wiki_0.50_true_8_1.00
Done with Exp:wiki_0.50_true_8_1.00
Done with Exp:wiki_0.50_true_8_1.50
Done with Exp:wiki_0.50_true_8_1.50
Done with Exp:wiki_0.50_true_8_1.50
Done with Exp:wiki_0.50_true_8_1.50
Done with Exp:wiki_0.50_true_8_1.50
Done with Exp:wiki_0.50_true_8_2.00
Done with Exp:wiki_0.50_true_8_2.00
Done with Exp:wiki_0.50_true_8_2.00
Done with Exp:wiki_0.50_true_8_2.00
Done with Exp:wiki_0.50_true_8_2.00
Done with Exp:wiki_0.67_true_8_0.25
Done with Exp:wiki_0.67_true_8_0.25
Done with Exp:wiki_0.67_true_8_0.25
Done with Exp:wiki_0.67_true_8_0.25
Done with Exp:wiki_0.67_true_8_0.25
Done with Exp:wiki_0.67_true_8_0.50
Done with Exp:wiki_0.67_true_8_0.50
Done with Exp:wiki_0.67_true_8_0.50
Done with Exp:wiki_0.67_true_8_0.50
Done with Exp:wiki_0.67_true_8_0.50
Done with Exp:wiki_0.67_true_8_0.75
Done with Exp:wiki_0.67_true_8_0.75
Done with Exp:wiki_0.67_true_8_0.75
Done with Exp:wiki_0.67_true_8_0.75
Done with Exp:wiki_0.67_true_8_0.75
Done with Exp:wiki_0.67_true_8_1.00
Done with Exp:wiki_0.67_true_8_1.00
Done with Exp:wiki_0.67_true_8_1.00
Done with Exp:wiki_0.67_true_8_1.00
Done with Exp:wiki_0.67_true_8_1.00
Done with Exp:wiki_0.67_true_8_1.50
Done with Exp:wiki_0.67_true_8_1.50
Done with Exp:wiki_0.67_true_8_1.50
Done with Exp:wiki_0.67_true_8_1.50
Done with Exp:wiki_0.67_true_8_1.50
Done with Exp:wiki_0.67_true_8_2.00
Done with Exp:wiki_0.67_true_8_2.00
Done with Exp:wiki_0.67_true_8_2.00
Done with Exp:wiki_0.67_true_8_2.00
Done with Exp:wiki_0.67_true_8_2.00
Done with Exp:wiki_0.80_true_8_0.25
Done with Exp:wiki_0.80_true_8_0.25
Done with Exp:wiki_0.80_true_8_0.25
Done with Exp:wiki_0.80_true_8_0.25
Done with Exp:wiki_0.80_true_8_0.25
Done with Exp:wiki_0.80_true_8_0.50
Done with Exp:wiki_0.80_true_8_0.50
Done with Exp:wiki_0.80_true_8_0.50
Done with Exp:wiki_0.80_true_8_0.50
Done with Exp:wiki_0.80_true_8_0.50
Done with Exp:wiki_0.80_true_8_0.75
Done with Exp:wiki_0.80_true_8_0.75
Done with Exp:wiki_0.80_true_8_0.75
Done with Exp:wiki_0.80_true_8_0.75
Done with Exp:wiki_0.80_true_8_0.75
Done with Exp:wiki_0.80_true_8_1.00
Done with Exp:wiki_0.80_true_8_1.00
Done with Exp:wiki_0.80_true_8_1.00
Done with Exp:wiki_0.80_true_8_1.00
Done with Exp:wiki_0.80_true_8_1.00
Done with Exp:wiki_0.80_true_8_1.50
Done with Exp:wiki_0.80_true_8_1.50
Done with Exp:wiki_0.80_true_8_1.50
Done with Exp:wiki_0.80_true_8_1.50
Done with Exp:wiki_0.80_true_8_1.50
Done with Exp:wiki_0.80_true_8_2.00
Done with Exp:wiki_0.80_true_8_2.00
Done with Exp:wiki_0.80_true_8_2.00
Done with Exp:wiki_0.80_true_8_2.00
Done with Exp:wiki_0.80_true_8_2.00
Running Experiments: enron
Done with Exp:enron_0.20_true_8_0.25
Done with Exp:enron_0.20_true_8_0.25
Done with Exp:enron_0.20_true_8_0.25
Done with Exp:enron_0.20_true_8_0.25
Done with Exp:enron_0.20_true_8_0.25
Done with Exp:enron_0.20_true_8_0.50
Done with Exp:enron_0.20_true_8_0.50
Done with Exp:enron_0.20_true_8_0.50
Done with Exp:enron_0.20_true_8_0.50
Done with Exp:enron_0.20_true_8_0.50
Done with Exp:enron_0.20_true_8_0.75
Done with Exp:enron_0.20_true_8_0.75
Done with Exp:enron_0.20_true_8_0.75
Done with Exp:enron_0.20_true_8_0.75
Done with Exp:enron_0.20_true_8_0.75
Done with Exp:enron_0.20_true_8_1.00
Done with Exp:enron_0.20_true_8_1.00
Done with Exp:enron_0.20_true_8_1.00
Done with Exp:enron_0.20_true_8_1.00
Done with Exp:enron_0.20_true_8_1.00
Done with Exp:enron_0.20_true_8_1.50
Done with Exp:enron_0.20_true_8_1.50
Done with Exp:enron_0.20_true_8_1.50
Done with Exp:enron_0.20_true_8_1.50
Done with Exp:enron_0.20_true_8_1.50
Done with Exp:enron_0.20_true_8_2.00
Done with Exp:enron_0.20_true_8_2.00
Done with Exp:enron_0.20_true_8_2.00
Done with Exp:enron_0.20_true_8_2.00
Done with Exp:enron_0.20_true_8_2.00
Done with Exp:enron_0.33_true_8_0.25
Done with Exp:enron_0.33_true_8_0.25
Done with Exp:enron_0.33_true_8_0.25
Done with Exp:enron_0.33_true_8_0.25
Done with Exp:enron_0.33_true_8_0.25
Done with Exp:enron_0.33_true_8_0.50
Done with Exp:enron_0.33_true_8_0.50
Done with Exp:enron_0.33_true_8_0.50
Done with Exp:enron_0.33_true_8_0.50
Done with Exp:enron_0.33_true_8_0.50
Done with Exp:enron_0.33_true_8_0.75
Done with Exp:enron_0.33_true_8_0.75
Done with Exp:enron_0.33_true_8_0.75
Done with Exp:enron_0.33_true_8_0.75
Done with Exp:enron_0.33_true_8_0.75
Done with Exp:enron_0.33_true_8_1.00
Done with Exp:enron_0.33_true_8_1.00
Done with Exp:enron_0.33_true_8_1.00
Done with Exp:enron_0.33_true_8_1.00
Done with Exp:enron_0.33_true_8_1.00
Done with Exp:enron_0.33_true_8_1.50
Done with Exp:enron_0.33_true_8_1.50
Done with Exp:enron_0.33_true_8_1.50
Done with Exp:enron_0.33_true_8_1.50
Done with Exp:enron_0.33_true_8_1.50
Done with Exp:enron_0.33_true_8_2.00
Done with Exp:enron_0.33_true_8_2.00
Done with Exp:enron_0.33_true_8_2.00
Done with Exp:enron_0.33_true_8_2.00
Done with Exp:enron_0.33_true_8_2.00
Done with Exp:enron_0.50_true_8_0.25
Done with Exp:enron_0.50_true_8_0.25
Done with Exp:enron_0.50_true_8_0.25
Done with Exp:enron_0.50_true_8_0.25
Done with Exp:enron_0.50_true_8_0.25
Done with Exp:enron_0.50_true_8_0.50
Done with Exp:enron_0.50_true_8_0.50
Done with Exp:enron_0.50_true_8_0.50
Done with Exp:enron_0.50_true_8_0.50
Done with Exp:enron_0.50_true_8_0.50
Done with Exp:enron_0.50_true_8_0.75
Done with Exp:enron_0.50_true_8_0.75
Done with Exp:enron_0.50_true_8_0.75
Done with Exp:enron_0.50_true_8_0.75
Done with Exp:enron_0.50_true_8_0.75
Done with Exp:enron_0.50_true_8_1.00
Done with Exp:enron_0.50_true_8_1.00
Done with Exp:enron_0.50_true_8_1.00
Done with Exp:enron_0.50_true_8_1.00
Done with Exp:enron_0.50_true_8_1.00
Done with Exp:enron_0.50_true_8_1.50
Done with Exp:enron_0.50_true_8_1.50
Done with Exp:enron_0.50_true_8_1.50
Done with Exp:enron_0.50_true_8_1.50
Done with Exp:enron_0.50_true_8_1.50
Done with Exp:enron_0.50_true_8_2.00
Done with Exp:enron_0.50_true_8_2.00
Done with Exp:enron_0.50_true_8_2.00
Done with Exp:enron_0.50_true_8_2.00
Done with Exp:enron_0.50_true_8_2.00
Done with Exp:enron_0.67_true_8_0.25
Done with Exp:enron_0.67_true_8_0.25
Done with Exp:enron_0.67_true_8_0.25
Done with Exp:enron_0.67_true_8_0.25
Done with Exp:enron_0.67_true_8_0.25
Done with Exp:enron_0.67_true_8_0.50
Done with Exp:enron_0.67_true_8_0.50
Done with Exp:enron_0.67_true_8_0.50
Done with Exp:enron_0.67_true_8_0.50
Done with Exp:enron_0.67_true_8_0.50
Done with Exp:enron_0.67_true_8_0.75
Done with Exp:enron_0.67_true_8_0.75
Done with Exp:enron_0.67_true_8_0.75
Done with Exp:enron_0.67_true_8_0.75
Done with Exp:enron_0.67_true_8_0.75
Done with Exp:enron_0.67_true_8_1.00
Done with Exp:enron_0.67_true_8_1.00
Done with Exp:enron_0.67_true_8_1.00
Done with Exp:enron_0.67_true_8_1.00
Done with Exp:enron_0.67_true_8_1.00
Done with Exp:enron_0.67_true_8_1.50
Done with Exp:enron_0.67_true_8_1.50
Done with Exp:enron_0.67_true_8_1.50
Done with Exp:enron_0.67_true_8_1.50
Done with Exp:enron_0.67_true_8_1.50
Done with Exp:enron_0.67_true_8_2.00
Done with Exp:enron_0.67_true_8_2.00
Done with Exp:enron_0.67_true_8_2.00
Done with Exp:enron_0.67_true_8_2.00
Done with Exp:enron_0.67_true_8_2.00
Done with Exp:enron_0.80_true_8_0.25
Done with Exp:enron_0.80_true_8_0.25
Done with Exp:enron_0.80_true_8_0.25
Done with Exp:enron_0.80_true_8_0.25
Done with Exp:enron_0.80_true_8_0.25
Done with Exp:enron_0.80_true_8_0.50
Done with Exp:enron_0.80_true_8_0.50
Done with Exp:enron_0.80_true_8_0.50
Done with Exp:enron_0.80_true_8_0.50
Done with Exp:enron_0.80_true_8_0.50
Done with Exp:enron_0.80_true_8_0.75
Done with Exp:enron_0.80_true_8_0.75
Done with Exp:enron_0.80_true_8_0.75
Done with Exp:enron_0.80_true_8_0.75
Done with Exp:enron_0.80_true_8_0.75
Done with Exp:enron_0.80_true_8_1.00
Done with Exp:enron_0.80_true_8_1.00
Done with Exp:enron_0.80_true_8_1.00
Done with Exp:enron_0.80_true_8_1.00
Done with Exp:enron_0.80_true_8_1.00
Done with Exp:enron_0.80_true_8_1.50
Done with Exp:enron_0.80_true_8_1.50
Done with Exp:enron_0.80_true_8_1.50
Done with Exp:enron_0.80_true_8_1.50
Done with Exp:enron_0.80_true_8_1.50
Done with Exp:enron_0.80_true_8_2.00
Done with Exp:enron_0.80_true_8_2.00
Done with Exp:enron_0.80_true_8_2.00
Done with Exp:enron_0.80_true_8_2.00
Done with Exp:enron_0.80_true_8_2.00
Running Experiments: brightkite
Done with Exp:brightkite_0.20_true_8_0.25
Done with Exp:brightkite_0.20_true_8_0.25
Done with Exp:brightkite_0.20_true_8_0.25
Done with Exp:brightkite_0.20_true_8_0.25
Done with Exp:brightkite_0.20_true_8_0.25
Done with Exp:brightkite_0.20_true_8_0.50
Done with Exp:brightkite_0.20_true_8_0.50
Done with Exp:brightkite_0.20_true_8_0.50
Done with Exp:brightkite_0.20_true_8_0.50
Done with Exp:brightkite_0.20_true_8_0.50
Done with Exp:brightkite_0.20_true_8_0.75
Done with Exp:brightkite_0.20_true_8_0.75
Done with Exp:brightkite_0.20_true_8_0.75
Done with Exp:brightkite_0.20_true_8_0.75
Done with Exp:brightkite_0.20_true_8_0.75
Done with Exp:brightkite_0.20_true_8_1.00
Done with Exp:brightkite_0.20_true_8_1.00
Done with Exp:brightkite_0.20_true_8_1.00
Done with Exp:brightkite_0.20_true_8_1.00
Done with Exp:brightkite_0.20_true_8_1.00
Done with Exp:brightkite_0.20_true_8_1.50
Done with Exp:brightkite_0.20_true_8_1.50
Done with Exp:brightkite_0.20_true_8_1.50
Done with Exp:brightkite_0.20_true_8_1.50
Done with Exp:brightkite_0.20_true_8_1.50
Done with Exp:brightkite_0.20_true_8_2.00
Done with Exp:brightkite_0.20_true_8_2.00
Done with Exp:brightkite_0.20_true_8_2.00
Done with Exp:brightkite_0.20_true_8_2.00
Done with Exp:brightkite_0.20_true_8_2.00
Done with Exp:brightkite_0.33_true_8_0.25
Done with Exp:brightkite_0.33_true_8_0.25
Done with Exp:brightkite_0.33_true_8_0.25
Done with Exp:brightkite_0.33_true_8_0.25
Done with Exp:brightkite_0.33_true_8_0.25
Done with Exp:brightkite_0.33_true_8_0.50
Done with Exp:brightkite_0.33_true_8_0.50
Done with Exp:brightkite_0.33_true_8_0.50
Done with Exp:brightkite_0.33_true_8_0.50
Done with Exp:brightkite_0.33_true_8_0.50
Done with Exp:brightkite_0.33_true_8_0.75
Done with Exp:brightkite_0.33_true_8_0.75
Done with Exp:brightkite_0.33_true_8_0.75
Done with Exp:brightkite_0.33_true_8_0.75
Done with Exp:brightkite_0.33_true_8_0.75
Done with Exp:brightkite_0.33_true_8_1.00
Done with Exp:brightkite_0.33_true_8_1.00
Done with Exp:brightkite_0.33_true_8_1.00
Done with Exp:brightkite_0.33_true_8_1.00
Done with Exp:brightkite_0.33_true_8_1.00
Done with Exp:brightkite_0.33_true_8_1.50
Done with Exp:brightkite_0.33_true_8_1.50
Done with Exp:brightkite_0.33_true_8_1.50
Done with Exp:brightkite_0.33_true_8_1.50
Done with Exp:brightkite_0.33_true_8_1.50
Done with Exp:brightkite_0.33_true_8_2.00
Done with Exp:brightkite_0.33_true_8_2.00
Done with Exp:brightkite_0.33_true_8_2.00
Done with Exp:brightkite_0.33_true_8_2.00
Done with Exp:brightkite_0.33_true_8_2.00
Done with Exp:brightkite_0.50_true_8_0.25
Done with Exp:brightkite_0.50_true_8_0.25
Done with Exp:brightkite_0.50_true_8_0.25
Done with Exp:brightkite_0.50_true_8_0.25
Done with Exp:brightkite_0.50_true_8_0.25
Done with Exp:brightkite_0.50_true_8_0.50
Done with Exp:brightkite_0.50_true_8_0.50
Done with Exp:brightkite_0.50_true_8_0.50
Done with Exp:brightkite_0.50_true_8_0.50
Done with Exp:brightkite_0.50_true_8_0.50
Done with Exp:brightkite_0.50_true_8_0.75
Done with Exp:brightkite_0.50_true_8_0.75
Done with Exp:brightkite_0.50_true_8_0.75
Done with Exp:brightkite_0.50_true_8_0.75
Done with Exp:brightkite_0.50_true_8_0.75
Done with Exp:brightkite_0.50_true_8_1.00
Done with Exp:brightkite_0.50_true_8_1.00
Done with Exp:brightkite_0.50_true_8_1.00
Done with Exp:brightkite_0.50_true_8_1.00
Done with Exp:brightkite_0.50_true_8_1.00
Done with Exp:brightkite_0.50_true_8_1.50
Done with Exp:brightkite_0.50_true_8_1.50
Done with Exp:brightkite_0.50_true_8_1.50
Done with Exp:brightkite_0.50_true_8_1.50
Done with Exp:brightkite_0.50_true_8_1.50
Done with Exp:brightkite_0.50_true_8_2.00
Done with Exp:brightkite_0.50_true_8_2.00
Done with Exp:brightkite_0.50_true_8_2.00
Done with Exp:brightkite_0.50_true_8_2.00
Done with Exp:brightkite_0.50_true_8_2.00
Done with Exp:brightkite_0.67_true_8_0.25
Done with Exp:brightkite_0.67_true_8_0.25
Done with Exp:brightkite_0.67_true_8_0.25
Done with Exp:brightkite_0.67_true_8_0.25
Done with Exp:brightkite_0.67_true_8_0.25
Done with Exp:brightkite_0.67_true_8_0.50
Done with Exp:brightkite_0.67_true_8_0.50
Done with Exp:brightkite_0.67_true_8_0.50
Done with Exp:brightkite_0.67_true_8_0.50
Done with Exp:brightkite_0.67_true_8_0.50
Done with Exp:brightkite_0.67_true_8_0.75
Done with Exp:brightkite_0.67_true_8_0.75
Done with Exp:brightkite_0.67_true_8_0.75
Done with Exp:brightkite_0.67_true_8_0.75
Done with Exp:brightkite_0.67_true_8_0.75
Done with Exp:brightkite_0.67_true_8_1.00
Done with Exp:brightkite_0.67_true_8_1.00
Done with Exp:brightkite_0.67_true_8_1.00
Done with Exp:brightkite_0.67_true_8_1.00
Done with Exp:brightkite_0.67_true_8_1.00
Done with Exp:brightkite_0.67_true_8_1.50
Done with Exp:brightkite_0.67_true_8_1.50
Done with Exp:brightkite_0.67_true_8_1.50
Done with Exp:brightkite_0.67_true_8_1.50
Done with Exp:brightkite_0.67_true_8_1.50
Done with Exp:brightkite_0.67_true_8_2.00
Done with Exp:brightkite_0.67_true_8_2.00
Done with Exp:brightkite_0.67_true_8_2.00
Done with Exp:brightkite_0.67_true_8_2.00
Done with Exp:brightkite_0.67_true_8_2.00
Done with Exp:brightkite_0.80_true_8_0.25
Done with Exp:brightkite_0.80_true_8_0.25
Done with Exp:brightkite_0.80_true_8_0.25
Done with Exp:brightkite_0.80_true_8_0.25
Done with Exp:brightkite_0.80_true_8_0.25
Done with Exp:brightkite_0.80_true_8_0.50
Done with Exp:brightkite_0.80_true_8_0.50
Done with Exp:brightkite_0.80_true_8_0.50
Done with Exp:brightkite_0.80_true_8_0.50
Done with Exp:brightkite_0.80_true_8_0.50
Done with Exp:brightkite_0.80_true_8_0.75
Done with Exp:brightkite_0.80_true_8_0.75
Done with Exp:brightkite_0.80_true_8_0.75
Done with Exp:brightkite_0.80_true_8_0.75
Done with Exp:brightkite_0.80_true_8_0.75
Done with Exp:brightkite_0.80_true_8_1.00
Done with Exp:brightkite_0.80_true_8_1.00
Done with Exp:brightkite_0.80_true_8_1.00
Done with Exp:brightkite_0.80_true_8_1.00
Done with Exp:brightkite_0.80_true_8_1.00
Done with Exp:brightkite_0.80_true_8_1.50
Done with Exp:brightkite_0.80_true_8_1.50
Done with Exp:brightkite_0.80_true_8_1.50
Done with Exp:brightkite_0.80_true_8_1.50
Done with Exp:brightkite_0.80_true_8_1.50
Done with Exp:brightkite_0.80_true_8_2.00
Done with Exp:brightkite_0.80_true_8_2.00
Done with Exp:brightkite_0.80_true_8_2.00
Done with Exp:brightkite_0.80_true_8_2.00
Done with Exp:brightkite_0.80_true_8_2.00
Running Experiments: ego-twitter
Done with Exp:ego-twitter_0.20_true_8_0.25
Done with Exp:ego-twitter_0.20_true_8_0.25
Done with Exp:ego-twitter_0.20_true_8_0.25
Done with Exp:ego-twitter_0.20_true_8_0.25
Done with Exp:ego-twitter_0.20_true_8_0.25
Done with Exp:ego-twitter_0.20_true_8_0.50
Done with Exp:ego-twitter_0.20_true_8_0.50
Done with Exp:ego-twitter_0.20_true_8_0.50
Done with Exp:ego-twitter_0.20_true_8_0.50
Done with Exp:ego-twitter_0.20_true_8_0.50
Done with Exp:ego-twitter_0.20_true_8_0.75
Done with Exp:ego-twitter_0.20_true_8_0.75
Done with Exp:ego-twitter_0.20_true_8_0.75
Done with Exp:ego-twitter_0.20_true_8_0.75
Done with Exp:ego-twitter_0.20_true_8_0.75
Done with Exp:ego-twitter_0.20_true_8_1.00
Done with Exp:ego-twitter_0.20_true_8_1.00
Done with Exp:ego-twitter_0.20_true_8_1.00
Done with Exp:ego-twitter_0.20_true_8_1.00
Done with Exp:ego-twitter_0.20_true_8_1.00
Done with Exp:ego-twitter_0.20_true_8_1.50
Done with Exp:ego-twitter_0.20_true_8_1.50
Done with Exp:ego-twitter_0.20_true_8_1.50
Done with Exp:ego-twitter_0.20_true_8_1.50
Done with Exp:ego-twitter_0.20_true_8_1.50
Done with Exp:ego-twitter_0.20_true_8_2.00
Done with Exp:ego-twitter_0.20_true_8_2.00
Done with Exp:ego-twitter_0.20_true_8_2.00
Done with Exp:ego-twitter_0.20_true_8_2.00
Done with Exp:ego-twitter_0.20_true_8_2.00
Done with Exp:ego-twitter_0.33_true_8_0.25
Done with Exp:ego-twitter_0.33_true_8_0.25
Done with Exp:ego-twitter_0.33_true_8_0.25
Done with Exp:ego-twitter_0.33_true_8_0.25
Done with Exp:ego-twitter_0.33_true_8_0.25
Done with Exp:ego-twitter_0.33_true_8_0.50
Done with Exp:ego-twitter_0.33_true_8_0.50
Done with Exp:ego-twitter_0.33_true_8_0.50
Done with Exp:ego-twitter_0.33_true_8_0.50
Done with Exp:ego-twitter_0.33_true_8_0.50
Done with Exp:ego-twitter_0.33_true_8_0.75
Done with Exp:ego-twitter_0.33_true_8_0.75
Done with Exp:ego-twitter_0.33_true_8_0.75
Done with Exp:ego-twitter_0.33_true_8_0.75
Done with Exp:ego-twitter_0.33_true_8_0.75
Done with Exp:ego-twitter_0.33_true_8_1.00
Done with Exp:ego-twitter_0.33_true_8_1.00
Done with Exp:ego-twitter_0.33_true_8_1.00
Done with Exp:ego-twitter_0.33_true_8_1.00
Done with Exp:ego-twitter_0.33_true_8_1.00
Done with Exp:ego-twitter_0.33_true_8_1.50
Done with Exp:ego-twitter_0.33_true_8_1.50
Done with Exp:ego-twitter_0.33_true_8_1.50
Done with Exp:ego-twitter_0.33_true_8_1.50
Done with Exp:ego-twitter_0.33_true_8_1.50
Done with Exp:ego-twitter_0.33_true_8_2.00
Done with Exp:ego-twitter_0.33_true_8_2.00
Done with Exp:ego-twitter_0.33_true_8_2.00
Done with Exp:ego-twitter_0.33_true_8_2.00
Done with Exp:ego-twitter_0.33_true_8_2.00
Done with Exp:ego-twitter_0.50_true_8_0.25
Done with Exp:ego-twitter_0.50_true_8_0.25
Done with Exp:ego-twitter_0.50_true_8_0.25
Done with Exp:ego-twitter_0.50_true_8_0.25
Done with Exp:ego-twitter_0.50_true_8_0.25
Done with Exp:ego-twitter_0.50_true_8_0.50
Done with Exp:ego-twitter_0.50_true_8_0.50
Done with Exp:ego-twitter_0.50_true_8_0.50
Done with Exp:ego-twitter_0.50_true_8_0.50
Done with Exp:ego-twitter_0.50_true_8_0.50
Done with Exp:ego-twitter_0.50_true_8_0.75
Done with Exp:ego-twitter_0.50_true_8_0.75
Done with Exp:ego-twitter_0.50_true_8_0.75
Done with Exp:ego-twitter_0.50_true_8_0.75
Done with Exp:ego-twitter_0.50_true_8_0.75
Done with Exp:ego-twitter_0.50_true_8_1.00
Done with Exp:ego-twitter_0.50_true_8_1.00
Done with Exp:ego-twitter_0.50_true_8_1.00
Done with Exp:ego-twitter_0.50_true_8_1.00
Done with Exp:ego-twitter_0.50_true_8_1.00
Done with Exp:ego-twitter_0.50_true_8_1.50
Done with Exp:ego-twitter_0.50_true_8_1.50
Done with Exp:ego-twitter_0.50_true_8_1.50
Done with Exp:ego-twitter_0.50_true_8_1.50
Done with Exp:ego-twitter_0.50_true_8_1.50
Done with Exp:ego-twitter_0.50_true_8_2.00
Done with Exp:ego-twitter_0.50_true_8_2.00
Done with Exp:ego-twitter_0.50_true_8_2.00
Done with Exp:ego-twitter_0.50_true_8_2.00
Done with Exp:ego-twitter_0.50_true_8_2.00
Done with Exp:ego-twitter_0.67_true_8_0.25
Done with Exp:ego-twitter_0.67_true_8_0.25
Done with Exp:ego-twitter_0.67_true_8_0.25
Done with Exp:ego-twitter_0.67_true_8_0.25
Done with Exp:ego-twitter_0.67_true_8_0.25
Done with Exp:ego-twitter_0.67_true_8_0.50
Done with Exp:ego-twitter_0.67_true_8_0.50
Done with Exp:ego-twitter_0.67_true_8_0.50
Done with Exp:ego-twitter_0.67_true_8_0.50
Done with Exp:ego-twitter_0.67_true_8_0.50
Done with Exp:ego-twitter_0.67_true_8_0.75
Done with Exp:ego-twitter_0.67_true_8_0.75
Done with Exp:ego-twitter_0.67_true_8_0.75
Done with Exp:ego-twitter_0.67_true_8_0.75
Done with Exp:ego-twitter_0.67_true_8_0.75
Done with Exp:ego-twitter_0.67_true_8_1.00
Done with Exp:ego-twitter_0.67_true_8_1.00
Done with Exp:ego-twitter_0.67_true_8_1.00
Done with Exp:ego-twitter_0.67_true_8_1.00
Done with Exp:ego-twitter_0.67_true_8_1.00
Done with Exp:ego-twitter_0.67_true_8_1.50
Done with Exp:ego-twitter_0.67_true_8_1.50
Done with Exp:ego-twitter_0.67_true_8_1.50
Done with Exp:ego-twitter_0.67_true_8_1.50
Done with Exp:ego-twitter_0.67_true_8_1.50
Done with Exp:ego-twitter_0.67_true_8_2.00
Done with Exp:ego-twitter_0.67_true_8_2.00
Done with Exp:ego-twitter_0.67_true_8_2.00
Done with Exp:ego-twitter_0.67_true_8_2.00
Done with Exp:ego-twitter_0.67_true_8_2.00
Done with Exp:ego-twitter_0.80_true_8_0.25
Done with Exp:ego-twitter_0.80_true_8_0.25
Done with Exp:ego-twitter_0.80_true_8_0.25
Done with Exp:ego-twitter_0.80_true_8_0.25
Done with Exp:ego-twitter_0.80_true_8_0.25
Done with Exp:ego-twitter_0.80_true_8_0.50
Done with Exp:ego-twitter_0.80_true_8_0.50
Done with Exp:ego-twitter_0.80_true_8_0.50
Done with Exp:ego-twitter_0.80_true_8_0.50
Done with Exp:ego-twitter_0.80_true_8_0.50
Done with Exp:ego-twitter_0.80_true_8_0.75
Done with Exp:ego-twitter_0.80_true_8_0.75
Done with Exp:ego-twitter_0.80_true_8_0.75
Done with Exp:ego-twitter_0.80_true_8_0.75
Done with Exp:ego-twitter_0.80_true_8_0.75
Done with Exp:ego-twitter_0.80_true_8_1.00
Done with Exp:ego-twitter_0.80_true_8_1.00
Done with Exp:ego-twitter_0.80_true_8_1.00
Done with Exp:ego-twitter_0.80_true_8_1.00
Done with Exp:ego-twitter_0.80_true_8_1.00
Done with Exp:ego-twitter_0.80_true_8_1.50
Done with Exp:ego-twitter_0.80_true_8_1.50
Done with Exp:ego-twitter_0.80_true_8_1.50
Done with Exp:ego-twitter_0.80_true_8_1.50
Done with Exp:ego-twitter_0.80_true_8_1.50
Done with Exp:ego-twitter_0.80_true_8_2.00
Done with Exp:ego-twitter_0.80_true_8_2.00
Done with Exp:ego-twitter_0.80_true_8_2.00
Done with Exp:ego-twitter_0.80_true_8_2.00
Done with Exp:ego-twitter_0.80_true_8_2.00
Running Experiments: gplus
Done with Exp:gplus_0.20_true_8_0.25
Done with Exp:gplus_0.20_true_8_0.25
Done with Exp:gplus_0.20_true_8_0.25
Done with Exp:gplus_0.20_true_8_0.25
Done with Exp:gplus_0.20_true_8_0.25
Done with Exp:gplus_0.20_true_8_0.50
Done with Exp:gplus_0.20_true_8_0.50
Done with Exp:gplus_0.20_true_8_0.50
Done with Exp:gplus_0.20_true_8_0.50
Done with Exp:gplus_0.20_true_8_0.50
Done with Exp:gplus_0.20_true_8_0.75
Done with Exp:gplus_0.20_true_8_0.75
Done with Exp:gplus_0.20_true_8_0.75
Done with Exp:gplus_0.20_true_8_0.75
Done with Exp:gplus_0.20_true_8_0.75
Done with Exp:gplus_0.20_true_8_1.00
Done with Exp:gplus_0.20_true_8_1.00
Done with Exp:gplus_0.20_true_8_1.00
Done with Exp:gplus_0.20_true_8_1.00
Done with Exp:gplus_0.20_true_8_1.00
Done with Exp:gplus_0.20_true_8_1.50
Done with Exp:gplus_0.20_true_8_1.50
Done with Exp:gplus_0.20_true_8_1.50
Done with Exp:gplus_0.20_true_8_1.50
Done with Exp:gplus_0.20_true_8_1.50
Done with Exp:gplus_0.20_true_8_2.00
Done with Exp:gplus_0.20_true_8_2.00
Done with Exp:gplus_0.20_true_8_2.00
Done with Exp:gplus_0.20_true_8_2.00
Done with Exp:gplus_0.20_true_8_2.00
Done with Exp:gplus_0.33_true_8_0.25
Done with Exp:gplus_0.33_true_8_0.25
Done with Exp:gplus_0.33_true_8_0.25
Done with Exp:gplus_0.33_true_8_0.25
Done with Exp:gplus_0.33_true_8_0.25
Done with Exp:gplus_0.33_true_8_0.50
Done with Exp:gplus_0.33_true_8_0.50
Done with Exp:gplus_0.33_true_8_0.50
Done with Exp:gplus_0.33_true_8_0.50
Done with Exp:gplus_0.33_true_8_0.50
Done with Exp:gplus_0.33_true_8_0.75
Done with Exp:gplus_0.33_true_8_0.75
Done with Exp:gplus_0.33_true_8_0.75
Done with Exp:gplus_0.33_true_8_0.75
Done with Exp:gplus_0.33_true_8_0.75
Done with Exp:gplus_0.33_true_8_1.00
Done with Exp:gplus_0.33_true_8_1.00
Done with Exp:gplus_0.33_true_8_1.00
Done with Exp:gplus_0.33_true_8_1.00
Done with Exp:gplus_0.33_true_8_1.00
Done with Exp:gplus_0.33_true_8_1.50
Done with Exp:gplus_0.33_true_8_1.50
Done with Exp:gplus_0.33_true_8_1.50
Done with Exp:gplus_0.33_true_8_1.50
Done with Exp:gplus_0.33_true_8_1.50
Done with Exp:gplus_0.33_true_8_2.00
Done with Exp:gplus_0.33_true_8_2.00
Done with Exp:gplus_0.33_true_8_2.00
Done with Exp:gplus_0.33_true_8_2.00
Done with Exp:gplus_0.33_true_8_2.00
Done with Exp:gplus_0.50_true_8_0.25
Done with Exp:gplus_0.50_true_8_0.25
Done with Exp:gplus_0.50_true_8_0.25
Done with Exp:gplus_0.50_true_8_0.25
Done with Exp:gplus_0.50_true_8_0.25
Done with Exp:gplus_0.50_true_8_0.50
Done with Exp:gplus_0.50_true_8_0.50
Done with Exp:gplus_0.50_true_8_0.50
Done with Exp:gplus_0.50_true_8_0.50
Done with Exp:gplus_0.50_true_8_0.50
Done with Exp:gplus_0.50_true_8_0.75
Done with Exp:gplus_0.50_true_8_0.75
Done with Exp:gplus_0.50_true_8_0.75
Done with Exp:gplus_0.50_true_8_0.75
Done with Exp:gplus_0.50_true_8_0.75
Done with Exp:gplus_0.50_true_8_1.00
Done with Exp:gplus_0.50_true_8_1.00
Done with Exp:gplus_0.50_true_8_1.00
Done with Exp:gplus_0.50_true_8_1.00
Done with Exp:gplus_0.50_true_8_1.00
Done with Exp:gplus_0.50_true_8_1.50
Done with Exp:gplus_0.50_true_8_1.50
Done with Exp:gplus_0.50_true_8_1.50
Done with Exp:gplus_0.50_true_8_1.50
Done with Exp:gplus_0.50_true_8_1.50
Done with Exp:gplus_0.50_true_8_2.00
Done with Exp:gplus_0.50_true_8_2.00
Done with Exp:gplus_0.50_true_8_2.00
Done with Exp:gplus_0.50_true_8_2.00
Done with Exp:gplus_0.50_true_8_2.00
Done with Exp:gplus_0.67_true_8_0.25
Done with Exp:gplus_0.67_true_8_0.25
Done with Exp:gplus_0.67_true_8_0.25
Done with Exp:gplus_0.67_true_8_0.25
Done with Exp:gplus_0.67_true_8_0.25
Done with Exp:gplus_0.67_true_8_0.50
Done with Exp:gplus_0.67_true_8_0.50
Done with Exp:gplus_0.67_true_8_0.50
Done with Exp:gplus_0.67_true_8_0.50
Done with Exp:gplus_0.67_true_8_0.50
Done with Exp:gplus_0.67_true_8_0.75
Done with Exp:gplus_0.67_true_8_0.75
Done with Exp:gplus_0.67_true_8_0.75
Done with Exp:gplus_0.67_true_8_0.75
Done with Exp:gplus_0.67_true_8_0.75
Done with Exp:gplus_0.67_true_8_1.00
Done with Exp:gplus_0.67_true_8_1.00
Done with Exp:gplus_0.67_true_8_1.00
Done with Exp:gplus_0.67_true_8_1.00
Done with Exp:gplus_0.67_true_8_1.00
Done with Exp:gplus_0.67_true_8_1.50
Done with Exp:gplus_0.67_true_8_1.50
Done with Exp:gplus_0.67_true_8_1.50
Done with Exp:gplus_0.67_true_8_1.50
Done with Exp:gplus_0.67_true_8_1.50
Done with Exp:gplus_0.67_true_8_2.00
Done with Exp:gplus_0.67_true_8_2.00
Done with Exp:gplus_0.67_true_8_2.00
Done with Exp:gplus_0.67_true_8_2.00
Done with Exp:gplus_0.67_true_8_2.00
Done with Exp:gplus_0.80_true_8_0.25
Done with Exp:gplus_0.80_true_8_0.25
Done with Exp:gplus_0.80_true_8_0.25
Done with Exp:gplus_0.80_true_8_0.25
Done with Exp:gplus_0.80_true_8_0.25
Done with Exp:gplus_0.80_true_8_0.50
Done with Exp:gplus_0.80_true_8_0.50
Done with Exp:gplus_0.80_true_8_0.50
Done with Exp:gplus_0.80_true_8_0.50
Done with Exp:gplus_0.80_true_8_0.50
Done with Exp:gplus_0.80_true_8_0.75
Done with Exp:gplus_0.80_true_8_0.75
Done with Exp:gplus_0.80_true_8_0.75
Done with Exp:gplus_0.80_true_8_0.75
Done with Exp:gplus_0.80_true_8_0.75
Done with Exp:gplus_0.80_true_8_1.00
Done with Exp:gplus_0.80_true_8_1.00
Done with Exp:gplus_0.80_true_8_1.00
Done with Exp:gplus_0.80_true_8_1.00
Done with Exp:gplus_0.80_true_8_1.00
Done with Exp:gplus_0.80_true_8_1.50
Done with Exp:gplus_0.80_true_8_1.50
Done with Exp:gplus_0.80_true_8_1.50
Done with Exp:gplus_0.80_true_8_1.50
Done with Exp:gplus_0.80_true_8_1.50
Done with Exp:gplus_0.80_true_8_2.00
Done with Exp:gplus_0.80_true_8_2.00
Done with Exp:gplus_0.80_true_8_2.00
Done with Exp:gplus_0.80_true_8_2.00
Done with Exp:gplus_0.80_true_8_2.00
Running Experiments: stanford
Done with Exp:stanford_0.20_true_8_0.25
Done with Exp:stanford_0.20_true_8_0.25
Done with Exp:stanford_0.20_true_8_0.25
Done with Exp:stanford_0.20_true_8_0.25
Done with Exp:stanford_0.20_true_8_0.25
Done with Exp:stanford_0.20_true_8_0.50
Done with Exp:stanford_0.20_true_8_0.50
Done with Exp:stanford_0.20_true_8_0.50
Done with Exp:stanford_0.20_true_8_0.50
Done with Exp:stanford_0.20_true_8_0.50
Done with Exp:stanford_0.20_true_8_0.75
Done with Exp:stanford_0.20_true_8_0.75
Done with Exp:stanford_0.20_true_8_0.75
Done with Exp:stanford_0.20_true_8_0.75
Done with Exp:stanford_0.20_true_8_0.75
Done with Exp:stanford_0.20_true_8_1.00
Done with Exp:stanford_0.20_true_8_1.00
Done with Exp:stanford_0.20_true_8_1.00
Done with Exp:stanford_0.20_true_8_1.00
Done with Exp:stanford_0.20_true_8_1.00
Done with Exp:stanford_0.20_true_8_1.50
Done with Exp:stanford_0.20_true_8_1.50
Done with Exp:stanford_0.20_true_8_1.50
Done with Exp:stanford_0.20_true_8_1.50
Done with Exp:stanford_0.20_true_8_1.50
Done with Exp:stanford_0.20_true_8_2.00
Done with Exp:stanford_0.20_true_8_2.00
Done with Exp:stanford_0.20_true_8_2.00
Done with Exp:stanford_0.20_true_8_2.00
Done with Exp:stanford_0.20_true_8_2.00
Done with Exp:stanford_0.33_true_8_0.25
Done with Exp:stanford_0.33_true_8_0.25
Done with Exp:stanford_0.33_true_8_0.25
Done with Exp:stanford_0.33_true_8_0.25
Done with Exp:stanford_0.33_true_8_0.25
Done with Exp:stanford_0.33_true_8_0.50
Done with Exp:stanford_0.33_true_8_0.50
Done with Exp:stanford_0.33_true_8_0.50
Done with Exp:stanford_0.33_true_8_0.50
Done with Exp:stanford_0.33_true_8_0.50
Done with Exp:stanford_0.33_true_8_0.75
Done with Exp:stanford_0.33_true_8_0.75
Done with Exp:stanford_0.33_true_8_0.75
Done with Exp:stanford_0.33_true_8_0.75
Done with Exp:stanford_0.33_true_8_0.75
Done with Exp:stanford_0.33_true_8_1.00
Done with Exp:stanford_0.33_true_8_1.00
Done with Exp:stanford_0.33_true_8_1.00
Done with Exp:stanford_0.33_true_8_1.00
Done with Exp:stanford_0.33_true_8_1.00
Done with Exp:stanford_0.33_true_8_1.50
Done with Exp:stanford_0.33_true_8_1.50
Done with Exp:stanford_0.33_true_8_1.50
Done with Exp:stanford_0.33_true_8_1.50
Done with Exp:stanford_0.33_true_8_1.50
Done with Exp:stanford_0.33_true_8_2.00
Done with Exp:stanford_0.33_true_8_2.00
Done with Exp:stanford_0.33_true_8_2.00
Done with Exp:stanford_0.33_true_8_2.00
Done with Exp:stanford_0.33_true_8_2.00
Done with Exp:stanford_0.50_true_8_0.25
Done with Exp:stanford_0.50_true_8_0.25
Done with Exp:stanford_0.50_true_8_0.25
Done with Exp:stanford_0.50_true_8_0.25
Done with Exp:stanford_0.50_true_8_0.25
Done with Exp:stanford_0.50_true_8_0.50
Done with Exp:stanford_0.50_true_8_0.50
Done with Exp:stanford_0.50_true_8_0.50
Done with Exp:stanford_0.50_true_8_0.50
Done with Exp:stanford_0.50_true_8_0.50
Done with Exp:stanford_0.50_true_8_0.75
Done with Exp:stanford_0.50_true_8_0.75
Done with Exp:stanford_0.50_true_8_0.75
Done with Exp:stanford_0.50_true_8_0.75
Done with Exp:stanford_0.50_true_8_0.75
Done with Exp:stanford_0.50_true_8_1.00
Done with Exp:stanford_0.50_true_8_1.00
Done with Exp:stanford_0.50_true_8_1.00
Done with Exp:stanford_0.50_true_8_1.00
Done with Exp:stanford_0.50_true_8_1.00
Done with Exp:stanford_0.50_true_8_1.50
Done with Exp:stanford_0.50_true_8_1.50
Done with Exp:stanford_0.50_true_8_1.50
Done with Exp:stanford_0.50_true_8_1.50
Done with Exp:stanford_0.50_true_8_1.50
Done with Exp:stanford_0.50_true_8_2.00
Done with Exp:stanford_0.50_true_8_2.00
Done with Exp:stanford_0.50_true_8_2.00
Done with Exp:stanford_0.50_true_8_2.00
Done with Exp:stanford_0.50_true_8_2.00
Done with Exp:stanford_0.67_true_8_0.25
Done with Exp:stanford_0.67_true_8_0.25
Done with Exp:stanford_0.67_true_8_0.25
Done with Exp:stanford_0.67_true_8_0.25
Done with Exp:stanford_0.67_true_8_0.25
Done with Exp:stanford_0.67_true_8_0.50
Done with Exp:stanford_0.67_true_8_0.50
Done with Exp:stanford_0.67_true_8_0.50
Done with Exp:stanford_0.67_true_8_0.50
Done with Exp:stanford_0.67_true_8_0.50
Done with Exp:stanford_0.67_true_8_0.75
Done with Exp:stanford_0.67_true_8_0.75
Done with Exp:stanford_0.67_true_8_0.75
Done with Exp:stanford_0.67_true_8_0.75
Done with Exp:stanford_0.67_true_8_0.75
Done with Exp:stanford_0.67_true_8_1.00
Done with Exp:stanford_0.67_true_8_1.00
Done with Exp:stanford_0.67_true_8_1.00
Done with Exp:stanford_0.67_true_8_1.00
Done with Exp:stanford_0.67_true_8_1.00
Done with Exp:stanford_0.67_true_8_1.50
Done with Exp:stanford_0.67_true_8_1.50
Done with Exp:stanford_0.67_true_8_1.50
Done with Exp:stanford_0.67_true_8_1.50
Done with Exp:stanford_0.67_true_8_1.50
Done with Exp:stanford_0.67_true_8_2.00
Done with Exp:stanford_0.67_true_8_2.00
Done with Exp:stanford_0.67_true_8_2.00
Done with Exp:stanford_0.67_true_8_2.00
Done with Exp:stanford_0.67_true_8_2.00
Done with Exp:stanford_0.80_true_8_0.25
Done with Exp:stanford_0.80_true_8_0.25
Done with Exp:stanford_0.80_true_8_0.25
Done with Exp:stanford_0.80_true_8_0.25
Done with Exp:stanford_0.80_true_8_0.25
Done with Exp:stanford_0.80_true_8_0.50
Done with Exp:stanford_0.80_true_8_0.50
Done with Exp:stanford_0.80_true_8_0.50
Done with Exp:stanford_0.80_true_8_0.50
Done with Exp:stanford_0.80_true_8_0.50
Done with Exp:stanford_0.80_true_8_0.75
Done with Exp:stanford_0.80_true_8_0.75
Done with Exp:stanford_0.80_true_8_0.75
Done with Exp:stanford_0.80_true_8_0.75
Done with Exp:stanford_0.80_true_8_0.75
Done with Exp:stanford_0.80_true_8_1.00
Done with Exp:stanford_0.80_true_8_1.00
Done with Exp:stanford_0.80_true_8_1.00
Done with Exp:stanford_0.80_true_8_1.00
Done with Exp:stanford_0.80_true_8_1.00
Done with Exp:stanford_0.80_true_8_1.50
Done with Exp:stanford_0.80_true_8_1.50
Done with Exp:stanford_0.80_true_8_1.50
Done with Exp:stanford_0.80_true_8_1.50
Done with Exp:stanford_0.80_true_8_1.50
Done with Exp:stanford_0.80_true_8_2.00
Done with Exp:stanford_0.80_true_8_2.00
Done with Exp:stanford_0.80_true_8_2.00
Done with Exp:stanford_0.80_true_8_2.00
Done with Exp:stanford_0.80_true_8_2.00
Running Experiments: dblp
Done with Exp:dblp_0.20_true_8_0.25
Done with Exp:dblp_0.20_true_8_0.25
Done with Exp:dblp_0.20_true_8_0.25
Done with Exp:dblp_0.20_true_8_0.25
Done with Exp:dblp_0.20_true_8_0.25
Done with Exp:dblp_0.20_true_8_0.50
Done with Exp:dblp_0.20_true_8_0.50
Done with Exp:dblp_0.20_true_8_0.50
Done with Exp:dblp_0.20_true_8_0.50
Done with Exp:dblp_0.20_true_8_0.50
Done with Exp:dblp_0.20_true_8_0.75
Done with Exp:dblp_0.20_true_8_0.75
Done with Exp:dblp_0.20_true_8_0.75
Done with Exp:dblp_0.20_true_8_0.75
Done with Exp:dblp_0.20_true_8_0.75
Done with Exp:dblp_0.20_true_8_1.00
Done with Exp:dblp_0.20_true_8_1.00
Done with Exp:dblp_0.20_true_8_1.00
Done with Exp:dblp_0.20_true_8_1.00
Done with Exp:dblp_0.20_true_8_1.00
Done with Exp:dblp_0.20_true_8_1.50
Done with Exp:dblp_0.20_true_8_1.50
Done with Exp:dblp_0.20_true_8_1.50
Done with Exp:dblp_0.20_true_8_1.50
Done with Exp:dblp_0.20_true_8_1.50
Done with Exp:dblp_0.20_true_8_2.00
Done with Exp:dblp_0.20_true_8_2.00
Done with Exp:dblp_0.20_true_8_2.00
Done with Exp:dblp_0.20_true_8_2.00
Done with Exp:dblp_0.20_true_8_2.00
Done with Exp:dblp_0.33_true_8_0.25
Done with Exp:dblp_0.33_true_8_0.25
Done with Exp:dblp_0.33_true_8_0.25
Done with Exp:dblp_0.33_true_8_0.25
Done with Exp:dblp_0.33_true_8_0.25
Done with Exp:dblp_0.33_true_8_0.50
Done with Exp:dblp_0.33_true_8_0.50
Done with Exp:dblp_0.33_true_8_0.50
Done with Exp:dblp_0.33_true_8_0.50
Done with Exp:dblp_0.33_true_8_0.50
Done with Exp:dblp_0.33_true_8_0.75
Done with Exp:dblp_0.33_true_8_0.75
Done with Exp:dblp_0.33_true_8_0.75
Done with Exp:dblp_0.33_true_8_0.75
Done with Exp:dblp_0.33_true_8_0.75
Done with Exp:dblp_0.33_true_8_1.00
Done with Exp:dblp_0.33_true_8_1.00
Done with Exp:dblp_0.33_true_8_1.00
Done with Exp:dblp_0.33_true_8_1.00
Done with Exp:dblp_0.33_true_8_1.00
Done with Exp:dblp_0.33_true_8_1.50
Done with Exp:dblp_0.33_true_8_1.50
Done with Exp:dblp_0.33_true_8_1.50
Done with Exp:dblp_0.33_true_8_1.50
Done with Exp:dblp_0.33_true_8_1.50
Done with Exp:dblp_0.33_true_8_2.00
Done with Exp:dblp_0.33_true_8_2.00
Done with Exp:dblp_0.33_true_8_2.00
Done with Exp:dblp_0.33_true_8_2.00
Done with Exp:dblp_0.33_true_8_2.00
Done with Exp:dblp_0.50_true_8_0.25
Done with Exp:dblp_0.50_true_8_0.25
Done with Exp:dblp_0.50_true_8_0.25
Done with Exp:dblp_0.50_true_8_0.25
Done with Exp:dblp_0.50_true_8_0.25
Done with Exp:dblp_0.50_true_8_0.50
Done with Exp:dblp_0.50_true_8_0.50
Done with Exp:dblp_0.50_true_8_0.50
Done with Exp:dblp_0.50_true_8_0.50
Done with Exp:dblp_0.50_true_8_0.50
Done with Exp:dblp_0.50_true_8_0.75
Done with Exp:dblp_0.50_true_8_0.75
Done with Exp:dblp_0.50_true_8_0.75
Done with Exp:dblp_0.50_true_8_0.75
Done with Exp:dblp_0.50_true_8_0.75
Done with Exp:dblp_0.50_true_8_1.00
Done with Exp:dblp_0.50_true_8_1.00
Done with Exp:dblp_0.50_true_8_1.00
Done with Exp:dblp_0.50_true_8_1.00
Done with Exp:dblp_0.50_true_8_1.00
Done with Exp:dblp_0.50_true_8_1.50
Done with Exp:dblp_0.50_true_8_1.50
Done with Exp:dblp_0.50_true_8_1.50
Done with Exp:dblp_0.50_true_8_1.50
Done with Exp:dblp_0.50_true_8_1.50
Done with Exp:dblp_0.50_true_8_2.00
Done with Exp:dblp_0.50_true_8_2.00
Done with Exp:dblp_0.50_true_8_2.00
Done with Exp:dblp_0.50_true_8_2.00
Done with Exp:dblp_0.50_true_8_2.00
Done with Exp:dblp_0.67_true_8_0.25
Done with Exp:dblp_0.67_true_8_0.25
Done with Exp:dblp_0.67_true_8_0.25
Done with Exp:dblp_0.67_true_8_0.25
Done with Exp:dblp_0.67_true_8_0.25
Done with Exp:dblp_0.67_true_8_0.50
Done with Exp:dblp_0.67_true_8_0.50
Done with Exp:dblp_0.67_true_8_0.50
Done with Exp:dblp_0.67_true_8_0.50
Done with Exp:dblp_0.67_true_8_0.50
Done with Exp:dblp_0.67_true_8_0.75
Done with Exp:dblp_0.67_true_8_0.75
Done with Exp:dblp_0.67_true_8_0.75
Done with Exp:dblp_0.67_true_8_0.75
Done with Exp:dblp_0.67_true_8_0.75
Done with Exp:dblp_0.67_true_8_1.00
Done with Exp:dblp_0.67_true_8_1.00
Done with Exp:dblp_0.67_true_8_1.00
Done with Exp:dblp_0.67_true_8_1.00
Done with Exp:dblp_0.67_true_8_1.00
Done with Exp:dblp_0.67_true_8_1.50
Done with Exp:dblp_0.67_true_8_1.50
Done with Exp:dblp_0.67_true_8_1.50
Done with Exp:dblp_0.67_true_8_1.50
Done with Exp:dblp_0.67_true_8_1.50
Done with Exp:dblp_0.67_true_8_2.00
Done with Exp:dblp_0.67_true_8_2.00
Done with Exp:dblp_0.67_true_8_2.00
Done with Exp:dblp_0.67_true_8_2.00
Done with Exp:dblp_0.67_true_8_2.00
Done with Exp:dblp_0.80_true_8_0.25
Done with Exp:dblp_0.80_true_8_0.25
Done with Exp:dblp_0.80_true_8_0.25
Done with Exp:dblp_0.80_true_8_0.25
Done with Exp:dblp_0.80_true_8_0.25
Done with Exp:dblp_0.80_true_8_0.50
Done with Exp:dblp_0.80_true_8_0.50
Done with Exp:dblp_0.80_true_8_0.50
Done with Exp:dblp_0.80_true_8_0.50
Done with Exp:dblp_0.80_true_8_0.50
Done with Exp:dblp_0.80_true_8_0.75
Done with Exp:dblp_0.80_true_8_0.75
Done with Exp:dblp_0.80_true_8_0.75
Done with Exp:dblp_0.80_true_8_0.75
Done with Exp:dblp_0.80_true_8_0.75
Done with Exp:dblp_0.80_true_8_1.00
Done with Exp:dblp_0.80_true_8_1.00
Done with Exp:dblp_0.80_true_8_1.00
Done with Exp:dblp_0.80_true_8_1.00
Done with Exp:dblp_0.80_true_8_1.00
Done with Exp:dblp_0.80_true_8_1.50
Done with Exp:dblp_0.80_true_8_1.50
Done with Exp:dblp_0.80_true_8_1.50
Done with Exp:dblp_0.80_true_8_1.50
Done with Exp:dblp_0.80_true_8_1.50
Done with Exp:dblp_0.80_true_8_2.00
Done with Exp:dblp_0.80_true_8_2.00
Done with Exp:dblp_0.80_true_8_2.00
Done with Exp:dblp_0.80_true_8_2.00
Done with Exp:dblp_0.80_true_8_2.00
Running Experiments: brain
Done with Exp:brain_0.20_true_8_0.25
Done with Exp:brain_0.20_true_8_0.25
Done with Exp:brain_0.20_true_8_0.25
Done with Exp:brain_0.20_true_8_0.25
Done with Exp:brain_0.20_true_8_0.25
Done with Exp:brain_0.20_true_8_0.50
Done with Exp:brain_0.20_true_8_0.50
Done with Exp:brain_0.20_true_8_0.50
Done with Exp:brain_0.20_true_8_0.50
Done with Exp:brain_0.20_true_8_0.50
Done with Exp:brain_0.20_true_8_0.75
slurmstepd: error: *** JOB 11669228 ON r919u36n02 CANCELLED AT 2025-01-03T22:15:24 ***
